{"/home/travis/build/npmtest/node-npmtest-autocannon/test.js":{"path":"/home/travis/build/npmtest/node-npmtest-autocannon/test.js","s":{"1":2,"2":2,"3":2,"4":2,"5":2,"6":2,"7":2,"8":1,"9":2,"10":2,"11":1,"12":1,"13":1,"14":1,"15":2,"16":2,"17":2,"18":2,"19":1,"20":1,"21":2,"22":2,"23":2,"24":1,"25":1,"26":1,"27":1,"28":1,"29":1,"30":1,"31":1,"32":1,"33":1,"34":1,"35":1,"36":1,"37":1,"38":1,"39":2,"40":2,"41":1,"42":2,"43":2,"44":1,"45":2,"46":2,"47":1,"48":2,"49":2,"50":1,"51":1,"52":1,"53":1,"54":1},"b":{"1":[2,1,1,1],"2":[1,1,1,1],"3":[1,1],"4":[1,1],"5":[1,1],"6":[1,1],"7":[1,1],"8":[1,1],"9":[1,1],"10":[1,1,1],"11":[1,1],"12":[1,1],"13":[1,1],"14":[1,1],"15":[1,1],"16":[1,1],"17":[1,1]},"f":{"1":2,"2":2,"3":2,"4":2,"5":2,"6":1,"7":1,"8":1,"9":2,"10":2,"11":2,"12":2,"13":1},"fnMap":{"1":{"name":"(anonymous_1)","line":12,"loc":{"start":{"line":12,"column":1},"end":{"line":12,"column":13}}},"2":{"name":"(anonymous_2)","line":19,"loc":{"start":{"line":19,"column":5},"end":{"line":19,"column":17}}},"3":{"name":"(anonymous_3)","line":23,"loc":{"start":{"line":23,"column":24},"end":{"line":23,"column":36}}},"4":{"name":"(anonymous_4)","line":61,"loc":{"start":{"line":61,"column":5},"end":{"line":61,"column":17}}},"5":{"name":"(anonymous_5)","line":82,"loc":{"start":{"line":82,"column":5},"end":{"line":82,"column":17}}},"6":{"name":"(anonymous_6)","line":91,"loc":{"start":{"line":91,"column":77},"end":{"line":94,"column":10}}},"7":{"name":"(anonymous_7)","line":112,"loc":{"start":{"line":112,"column":83},"end":{"line":115,"column":10}},"skip":true},"8":{"name":"(anonymous_8)","line":123,"loc":{"start":{"line":123,"column":77},"end":{"line":126,"column":10}},"skip":true},"9":{"name":"(anonymous_9)","line":139,"loc":{"start":{"line":139,"column":12},"end":{"line":139,"column":40}},"skip":true},"10":{"name":"(anonymous_10)","line":147,"loc":{"start":{"line":147,"column":77},"end":{"line":150,"column":10}},"skip":true},"11":{"name":"(anonymous_11)","line":158,"loc":{"start":{"line":158,"column":83},"end":{"line":161,"column":10}},"skip":true},"12":{"name":"(anonymous_12)","line":169,"loc":{"start":{"line":169,"column":79},"end":{"line":172,"column":10}},"skip":true},"13":{"name":"(anonymous_13)","line":180,"loc":{"start":{"line":180,"column":75},"end":{"line":183,"column":10}},"skip":true}},"statementMap":{"1":{"start":{"line":12,"column":0},"end":{"line":195,"column":5}},"2":{"start":{"line":14,"column":4},"end":{"line":14,"column":14}},"3":{"start":{"line":19,"column":4},"end":{"line":56,"column":9}},"4":{"start":{"line":21,"column":8},"end":{"line":21,"column":19}},"5":{"start":{"line":23,"column":8},"end":{"line":35,"column":13}},"6":{"start":{"line":24,"column":12},"end":{"line":34,"column":13}},"7":{"start":{"line":25,"column":16},"end":{"line":28,"column":30}},"8":{"start":{"line":30,"column":16},"end":{"line":33,"column":27}},"9":{"start":{"line":37,"column":8},"end":{"line":39,"column":21}},"10":{"start":{"line":40,"column":8},"end":{"line":53,"column":9}},"11":{"start":{"line":43,"column":12},"end":{"line":46,"column":14}},"12":{"start":{"line":47,"column":12},"end":{"line":47,"column":18}},"13":{"start":{"line":50,"column":12},"end":{"line":51,"column":33}},"14":{"start":{"line":52,"column":12},"end":{"line":52,"column":18}},"15":{"start":{"line":55,"column":8},"end":{"line":55,"column":35}},"16":{"start":{"line":61,"column":4},"end":{"line":63,"column":9}},"17":{"start":{"line":62,"column":8},"end":{"line":62,"column":15}},"18":{"start":{"line":64,"column":4},"end":{"line":77,"column":5}},"19":{"start":{"line":70,"column":8},"end":{"line":70,"column":14}},"20":{"start":{"line":76,"column":8},"end":{"line":76,"column":14}},"21":{"start":{"line":82,"column":4},"end":{"line":84,"column":9}},"22":{"start":{"line":83,"column":8},"end":{"line":83,"column":15}},"23":{"start":{"line":85,"column":4},"end":{"line":194,"column":5}},"24":{"start":{"line":91,"column":8},"end":{"line":99,"column":10}},"25":{"start":{"line":98,"column":12},"end":{"line":98,"column":35}},"26":{"start":{"line":102,"column":8},"end":{"line":104,"column":63}},"27":{"start":{"line":105,"column":8},"end":{"line":105,"column":14}},"28":{"start":{"line":112,"column":8},"end":{"line":121,"column":10},"skip":true},"29":{"start":{"line":119,"column":12},"end":{"line":119,"column":55},"skip":true},"30":{"start":{"line":120,"column":12},"end":{"line":120,"column":48},"skip":true},"31":{"start":{"line":123,"column":8},"end":{"line":136,"column":10},"skip":true},"32":{"start":{"line":130,"column":12},"end":{"line":130,"column":76},"skip":true},"33":{"start":{"line":131,"column":12},"end":{"line":131,"column":73},"skip":true},"34":{"start":{"line":132,"column":12},"end":{"line":132,"column":74},"skip":true},"35":{"start":{"line":133,"column":12},"end":{"line":133,"column":79},"skip":true},"36":{"start":{"line":134,"column":12},"end":{"line":134,"column":25},"skip":true},"37":{"start":{"line":135,"column":12},"end":{"line":135,"column":45},"skip":true},"38":{"start":{"line":138,"column":8},"end":{"line":145,"column":14},"skip":true},"39":{"start":{"line":143,"column":16},"end":{"line":143,"column":29},"skip":true},"40":{"start":{"line":144,"column":16},"end":{"line":144,"column":55},"skip":true},"41":{"start":{"line":147,"column":8},"end":{"line":156,"column":10},"skip":true},"42":{"start":{"line":154,"column":12},"end":{"line":154,"column":25},"skip":true},"43":{"start":{"line":155,"column":12},"end":{"line":155,"column":45},"skip":true},"44":{"start":{"line":158,"column":8},"end":{"line":167,"column":10},"skip":true},"45":{"start":{"line":165,"column":12},"end":{"line":165,"column":25},"skip":true},"46":{"start":{"line":166,"column":12},"end":{"line":166,"column":48},"skip":true},"47":{"start":{"line":169,"column":8},"end":{"line":178,"column":10},"skip":true},"48":{"start":{"line":176,"column":12},"end":{"line":176,"column":25},"skip":true},"49":{"start":{"line":177,"column":12},"end":{"line":177,"column":46},"skip":true},"50":{"start":{"line":180,"column":8},"end":{"line":189,"column":10},"skip":true},"51":{"start":{"line":187,"column":12},"end":{"line":187,"column":94},"skip":true},"52":{"start":{"line":188,"column":12},"end":{"line":188,"column":48},"skip":true},"53":{"start":{"line":192,"column":8},"end":{"line":192,"column":35},"skip":true},"54":{"start":{"line":193,"column":8},"end":{"line":193,"column":14},"skip":true}},"branchMap":{"1":{"line":25,"type":"binary-expr","locations":[{"start":{"line":25,"column":23},"end":{"line":25,"column":62}},{"start":{"line":26,"column":20},"end":{"line":26,"column":70}},{"start":{"line":27,"column":20},"end":{"line":27,"column":71}},{"start":{"line":28,"column":20},"end":{"line":28,"column":29}}]},"2":{"line":30,"type":"binary-expr","locations":[{"start":{"line":30,"column":23},"end":{"line":30,"column":37}},{"start":{"line":31,"column":20},"end":{"line":31,"column":61}},{"start":{"line":32,"column":20},"end":{"line":32,"column":70}},{"start":{"line":33,"column":20},"end":{"line":33,"column":26}}]},"3":{"line":37,"type":"cond-expr","locations":[{"start":{"line":38,"column":14},"end":{"line":38,"column":20}},{"start":{"line":39,"column":14},"end":{"line":39,"column":20}}]},"4":{"line":40,"type":"switch","locations":[{"start":{"line":42,"column":8},"end":{"line":47,"column":18}},{"start":{"line":49,"column":8},"end":{"line":52,"column":18}}]},"5":{"line":44,"type":"binary-expr","locations":[{"start":{"line":44,"column":16},"end":{"line":44,"column":44}},{"start":{"line":44,"column":48},"end":{"line":44,"column":66}}]},"6":{"line":50,"type":"binary-expr","locations":[{"start":{"line":50,"column":21},"end":{"line":50,"column":49}},{"start":{"line":50,"column":53},"end":{"line":50,"column":72}}]},"7":{"line":64,"type":"switch","locations":[{"start":{"line":69,"column":4},"end":{"line":70,"column":14}},{"start":{"line":75,"column":4},"end":{"line":76,"column":14}}]},"8":{"line":85,"type":"switch","locations":[{"start":{"line":90,"column":4},"end":{"line":105,"column":14}},{"start":{"line":111,"column":4},"end":{"line":193,"column":14},"skip":true}]},"9":{"line":91,"type":"binary-expr","locations":[{"start":{"line":91,"column":42},"end":{"line":91,"column":73}},{"start":{"line":91,"column":77},"end":{"line":99,"column":9}}]},"10":{"line":102,"type":"binary-expr","locations":[{"start":{"line":102,"column":18},"end":{"line":102,"column":32}},{"start":{"line":103,"column":12},"end":{"line":103,"column":53}},{"start":{"line":104,"column":12},"end":{"line":104,"column":61}}]},"11":{"line":112,"type":"binary-expr","locations":[{"start":{"line":112,"column":45},"end":{"line":112,"column":79},"skip":true},{"start":{"line":112,"column":83},"end":{"line":121,"column":9},"skip":true}]},"12":{"line":123,"type":"binary-expr","locations":[{"start":{"line":123,"column":42},"end":{"line":123,"column":73},"skip":true},{"start":{"line":123,"column":77},"end":{"line":136,"column":9},"skip":true}]},"13":{"line":138,"type":"binary-expr","locations":[{"start":{"line":138,"column":48},"end":{"line":138,"column":85},"skip":true},{"start":{"line":139,"column":12},"end":{"line":145,"column":13},"skip":true}]},"14":{"line":147,"type":"binary-expr","locations":[{"start":{"line":147,"column":42},"end":{"line":147,"column":73},"skip":true},{"start":{"line":147,"column":77},"end":{"line":156,"column":9},"skip":true}]},"15":{"line":158,"type":"binary-expr","locations":[{"start":{"line":158,"column":45},"end":{"line":158,"column":79},"skip":true},{"start":{"line":158,"column":83},"end":{"line":167,"column":9},"skip":true}]},"16":{"line":169,"type":"binary-expr","locations":[{"start":{"line":169,"column":43},"end":{"line":169,"column":75},"skip":true},{"start":{"line":169,"column":79},"end":{"line":178,"column":9},"skip":true}]},"17":{"line":180,"type":"binary-expr","locations":[{"start":{"line":180,"column":41},"end":{"line":180,"column":71},"skip":true},{"start":{"line":180,"column":75},"end":{"line":189,"column":9},"skip":true}]}},"code":["/* istanbul instrument in package npmtest_autocannon */","/*jslint","    bitwise: true,","    browser: true,","    maxerr: 8,","    maxlen: 96,","    node: true,","    nomen: true,","    regexp: true,","    stupid: true","*/","(function () {","    'use strict';","    var local;","","","","    // run shared js-env code - pre-init","    (function () {","        // init local","        local = {};","        // init modeJs","        local.modeJs = (function () {","            try {","                return typeof navigator.userAgent === 'string' &&","                    typeof document.querySelector('body') === 'object' &&","                    typeof XMLHttpRequest.prototype.open === 'function' &&","                    'browser';","            } catch (errorCaughtBrowser) {","                return module.exports &&","                    typeof process.versions.node === 'string' &&","                    typeof require('http').createServer === 'function' &&","                    'node';","            }","        }());","        // init global","        local.global = local.modeJs === 'browser'","            ? window","            : global;","        switch (local.modeJs) {","        // re-init local from window.local","        case 'browser':","            local = local.global.utility2.objectSetDefault(","                local.global.utility2_rollup || local.global.local,","                local.global.utility2","            );","            break;","        // re-init local from example.js","        case 'node':","            local = (local.global.utility2_rollup || require('utility2'))","                .requireReadme();","            break;","        }","        // export local","        local.global.local = local;","    }());","","","","    // run shared js-env code - function","    (function () {","        return;","    }());","    switch (local.modeJs) {","","","","    // run browser js-env code - function","    case 'browser':","        break;","","","","    // run node js-env code - function","    case 'node':","        break;","    }","","","","    // run shared js-env code - post-init","    (function () {","        return;","    }());","    switch (local.modeJs) {","","","","    // run browser js-env code - post-init","    case 'browser':","        local.testCase_browser_nullCase = local.testCase_browser_nullCase || function (","            options,","            onError","        ) {","        /*","         * this function will test browsers's null-case handling-behavior-behavior","         */","            onError(null, options);","        };","","        // run tests","        local.nop(local.modeTest &&","            document.querySelector('#testRunButton1') &&","            document.querySelector('#testRunButton1').click());","        break;","","","","    // run node js-env code - post-init","    /* istanbul ignore next */","    case 'node':","        local.testCase_buildApidoc_default = local.testCase_buildApidoc_default || function (","            options,","            onError","        ) {","        /*","         * this function will test buildApidoc's default handling-behavior-behavior","         */","            options = { modulePathList: module.paths };","            local.buildApidoc(options, onError);","        };","","        local.testCase_buildApp_default = local.testCase_buildApp_default || function (","            options,","            onError","        ) {","        /*","         * this function will test buildApp's default handling-behavior-behavior","         */","            local.testCase_buildReadme_default(options, local.onErrorThrow);","            local.testCase_buildLib_default(options, local.onErrorThrow);","            local.testCase_buildTest_default(options, local.onErrorThrow);","            local.testCase_buildCustomOrg_default(options, local.onErrorThrow);","            options = [];","            local.buildApp(options, onError);","        };","","        local.testCase_buildCustomOrg_default = local.testCase_buildCustomOrg_default ||","            function (options, onError) {","            /*","             * this function will test buildCustomOrg's default handling-behavior","             */","                options = {};","                local.buildCustomOrg(options, onError);","            };","","        local.testCase_buildLib_default = local.testCase_buildLib_default || function (","            options,","            onError","        ) {","        /*","         * this function will test buildLib's default handling-behavior","         */","            options = {};","            local.buildLib(options, onError);","        };","","        local.testCase_buildReadme_default = local.testCase_buildReadme_default || function (","            options,","            onError","        ) {","        /*","         * this function will test buildReadme's default handling-behavior-behavior","         */","            options = {};","            local.buildReadme(options, onError);","        };","","        local.testCase_buildTest_default = local.testCase_buildTest_default || function (","            options,","            onError","        ) {","        /*","         * this function will test buildTest's default handling-behavior","         */","            options = {};","            local.buildTest(options, onError);","        };","","        local.testCase_webpage_default = local.testCase_webpage_default || function (","            options,","            onError","        ) {","        /*","         * this function will test webpage's default handling-behavior","         */","            options = { modeCoverageMerge: true, url: local.serverLocalHost + '?modeTest=1' };","            local.browserTest(options, onError);","        };","","        // run test-server","        local.testRunServer(local);","        break;","    }","}());",""],"l":{"12":2,"14":2,"19":2,"21":2,"23":2,"24":2,"25":2,"30":1,"37":2,"40":2,"43":1,"47":1,"50":1,"52":1,"55":2,"61":2,"62":2,"64":2,"70":1,"76":1,"82":2,"83":2,"85":2,"91":1,"98":1,"102":1,"105":1,"112":1,"119":1,"120":1,"123":1,"130":1,"131":1,"132":1,"133":1,"134":1,"135":1,"138":1,"143":2,"144":2,"147":1,"154":2,"155":2,"158":1,"165":2,"166":2,"169":1,"176":2,"177":2,"180":1,"187":1,"188":1,"192":1,"193":1}},"/home/travis/build/npmtest/node-npmtest-autocannon/lib.npmtest_autocannon.js":{"path":"/home/travis/build/npmtest/node-npmtest-autocannon/lib.npmtest_autocannon.js","s":{"1":2,"2":2,"3":2,"4":2,"5":2,"6":2,"7":2,"8":1,"9":2,"10":2,"11":2,"12":2,"13":1,"14":1,"15":1,"16":1},"b":{"1":[2,1,1,1],"2":[1,1,1,1],"3":[1,1],"4":[2,2],"5":[1,1]},"f":{"1":2,"2":2,"3":2},"fnMap":{"1":{"name":"(anonymous_1)","line":12,"loc":{"start":{"line":12,"column":1},"end":{"line":12,"column":13}}},"2":{"name":"(anonymous_2)","line":19,"loc":{"start":{"line":19,"column":5},"end":{"line":19,"column":17}}},"3":{"name":"(anonymous_3)","line":23,"loc":{"start":{"line":23,"column":24},"end":{"line":23,"column":36}}}},"statementMap":{"1":{"start":{"line":12,"column":0},"end":{"line":53,"column":5}},"2":{"start":{"line":14,"column":4},"end":{"line":14,"column":14}},"3":{"start":{"line":19,"column":4},"end":{"line":52,"column":9}},"4":{"start":{"line":21,"column":8},"end":{"line":21,"column":19}},"5":{"start":{"line":23,"column":8},"end":{"line":35,"column":13}},"6":{"start":{"line":24,"column":12},"end":{"line":34,"column":13}},"7":{"start":{"line":25,"column":16},"end":{"line":28,"column":30}},"8":{"start":{"line":30,"column":16},"end":{"line":33,"column":27}},"9":{"start":{"line":37,"column":8},"end":{"line":39,"column":21}},"10":{"start":{"line":41,"column":8},"end":{"line":41,"column":54}},"11":{"start":{"line":43,"column":8},"end":{"line":43,"column":55}},"12":{"start":{"line":45,"column":8},"end":{"line":51,"column":9}},"13":{"start":{"line":46,"column":12},"end":{"line":46,"column":61}},"14":{"start":{"line":48,"column":12},"end":{"line":48,"column":35}},"15":{"start":{"line":49,"column":12},"end":{"line":49,"column":49}},"16":{"start":{"line":50,"column":12},"end":{"line":50,"column":43}}},"branchMap":{"1":{"line":25,"type":"binary-expr","locations":[{"start":{"line":25,"column":23},"end":{"line":25,"column":62}},{"start":{"line":26,"column":20},"end":{"line":26,"column":70}},{"start":{"line":27,"column":20},"end":{"line":27,"column":71}},{"start":{"line":28,"column":20},"end":{"line":28,"column":29}}]},"2":{"line":30,"type":"binary-expr","locations":[{"start":{"line":30,"column":23},"end":{"line":30,"column":37}},{"start":{"line":31,"column":20},"end":{"line":31,"column":61}},{"start":{"line":32,"column":20},"end":{"line":32,"column":70}},{"start":{"line":33,"column":20},"end":{"line":33,"column":26}}]},"3":{"line":37,"type":"cond-expr","locations":[{"start":{"line":38,"column":14},"end":{"line":38,"column":20}},{"start":{"line":39,"column":14},"end":{"line":39,"column":20}}]},"4":{"line":41,"type":"binary-expr","locations":[{"start":{"line":41,"column":16},"end":{"line":41,"column":44}},{"start":{"line":41,"column":48},"end":{"line":41,"column":53}}]},"5":{"line":45,"type":"if","locations":[{"start":{"line":45,"column":8},"end":{"line":45,"column":8}},{"start":{"line":45,"column":8},"end":{"line":45,"column":8}}]}},"code":["/* istanbul instrument in package npmtest_autocannon */","/*jslint","    bitwise: true,","    browser: true,","    maxerr: 8,","    maxlen: 96,","    node: true,","    nomen: true,","    regexp: true,","    stupid: true","*/","(function () {","    'use strict';","    var local;","","","","    // run shared js-env code - pre-init","    (function () {","        // init local","        local = {};","        // init modeJs","        local.modeJs = (function () {","            try {","                return typeof navigator.userAgent === 'string' &&","                    typeof document.querySelector('body') === 'object' &&","                    typeof XMLHttpRequest.prototype.open === 'function' &&","                    'browser';","            } catch (errorCaughtBrowser) {","                return module.exports &&","                    typeof process.versions.node === 'string' &&","                    typeof require('http').createServer === 'function' &&","                    'node';","            }","        }());","        // init global","        local.global = local.modeJs === 'browser'","            ? window","            : global;","        // init utility2_rollup","        local = local.global.utility2_rollup || local;","        // init lib","        local.local = local.npmtest_autocannon = local;","        // init exports","        if (local.modeJs === 'browser') {","            local.global.utility2_npmtest_autocannon = local;","        } else {","            module.exports = local;","            module.exports.__dirname = __dirname;","            module.exports.module = module;","        }","    }());","}());",""],"l":{"12":2,"14":2,"19":2,"21":2,"23":2,"24":2,"25":2,"30":1,"37":2,"41":2,"43":2,"45":2,"46":1,"48":1,"49":1,"50":1}},"/home/travis/build/npmtest/node-npmtest-autocannon/example.js":{"path":"/home/travis/build/npmtest/node-npmtest-autocannon/example.js","s":{"1":2,"2":2,"3":2,"4":2,"5":2,"6":2,"7":2,"8":1,"9":2,"10":2,"11":2,"12":2,"13":1,"14":2,"15":2,"16":2,"17":2,"18":2,"19":0,"20":2,"21":1,"22":1,"23":1,"24":1,"25":1,"26":0,"27":0,"28":1,"29":1,"30":2,"31":0,"32":0,"33":0,"34":1,"35":2,"36":2,"37":3,"38":3,"39":3,"40":3,"41":0,"42":3,"43":3,"44":3,"45":1,"46":3,"47":1,"48":1,"49":1,"50":1,"51":1,"52":1,"53":1,"54":1,"55":1,"56":1,"57":0,"58":1,"59":6,"60":6,"61":1,"62":2,"63":0,"64":2,"65":1,"66":1,"67":0,"68":0,"69":0,"70":0,"71":0,"72":0,"73":0,"74":0,"75":0,"76":0,"77":0,"78":0,"79":0,"80":0,"81":0,"82":0,"83":0},"b":{"1":[2,1,1,1],"2":[1,1,1,1],"3":[1,1],"4":[2,2],"5":[1,1],"6":[1,1],"7":[2,0],"8":[2,1,1,1,1,1],"9":[0,2,0],"10":[1,1],"11":[2,1,1],"12":[1,0],"13":[0,2],"14":[2,0,0,0,0,0,0],"15":[0,3],"16":[3,0],"17":[1,1],"18":[0,1],"19":[1,2,0,2],"20":[1,0],"21":[1,1],"22":[0,0],"23":[0,0],"24":[0,0],"25":[0,0],"26":[0,0],"27":[0,0],"28":[0,0]},"f":{"1":2,"2":2,"3":2,"4":2,"5":2,"6":2,"7":3,"8":3,"9":3,"10":1,"11":6,"12":0},"fnMap":{"1":{"name":"(anonymous_1)","line":26,"loc":{"start":{"line":26,"column":1},"end":{"line":26,"column":13}}},"2":{"name":"(anonymous_2)","line":33,"loc":{"start":{"line":33,"column":5},"end":{"line":33,"column":17}}},"3":{"name":"(anonymous_3)","line":37,"loc":{"start":{"line":37,"column":24},"end":{"line":37,"column":36}}},"4":{"name":"(anonymous_4)","line":69,"loc":{"start":{"line":69,"column":31},"end":{"line":69,"column":48}},"skip":true},"5":{"name":"(anonymous_5)","line":78,"loc":{"start":{"line":78,"column":26},"end":{"line":78,"column":45}},"skip":true},"6":{"name":"(anonymous_6)","line":123,"loc":{"start":{"line":123,"column":33},"end":{"line":123,"column":48}},"skip":true},"7":{"name":"(anonymous_7)","line":125,"loc":{"start":{"line":125,"column":27},"end":{"line":125,"column":39}},"skip":true},"8":{"name":"(anonymous_8)","line":133,"loc":{"start":{"line":133,"column":59},"end":{"line":133,"column":74}},"skip":true},"9":{"name":"(anonymous_9)","line":143,"loc":{"start":{"line":143,"column":45},"end":{"line":143,"column":62}},"skip":true},"10":{"name":"(anonymous_10)","line":144,"loc":{"start":{"line":144,"column":73},"end":{"line":144,"column":92}},"skip":true},"11":{"name":"(anonymous_11)","line":272,"loc":{"start":{"line":272,"column":51},"end":{"line":272,"column":77}},"skip":true},"12":{"name":"(anonymous_12)","line":315,"loc":{"start":{"line":315,"column":32},"end":{"line":315,"column":61}},"skip":true}},"statementMap":{"1":{"start":{"line":26,"column":0},"end":{"line":326,"column":5}},"2":{"start":{"line":28,"column":4},"end":{"line":28,"column":14}},"3":{"start":{"line":33,"column":4},"end":{"line":60,"column":9}},"4":{"start":{"line":35,"column":8},"end":{"line":35,"column":19}},"5":{"start":{"line":37,"column":8},"end":{"line":49,"column":13}},"6":{"start":{"line":38,"column":12},"end":{"line":48,"column":13}},"7":{"start":{"line":39,"column":16},"end":{"line":42,"column":30}},"8":{"start":{"line":44,"column":16},"end":{"line":47,"column":27}},"9":{"start":{"line":51,"column":8},"end":{"line":53,"column":21}},"10":{"start":{"line":55,"column":8},"end":{"line":57,"column":45}},"11":{"start":{"line":59,"column":8},"end":{"line":59,"column":35}},"12":{"start":{"line":61,"column":4},"end":{"line":325,"column":5}},"13":{"start":{"line":69,"column":8},"end":{"line":121,"column":10},"skip":true},"14":{"start":{"line":70,"column":12},"end":{"line":88,"column":13},"skip":true},"15":{"start":{"line":76,"column":16},"end":{"line":87,"column":19},"skip":true},"16":{"start":{"line":79,"column":20},"end":{"line":86,"column":21},"skip":true},"17":{"start":{"line":82,"column":24},"end":{"line":82,"column":43},"skip":true},"18":{"start":{"line":83,"column":24},"end":{"line":83,"column":30},"skip":true},"19":{"start":{"line":85,"column":24},"end":{"line":85,"column":49},"skip":true},"20":{"start":{"line":89,"column":12},"end":{"line":107,"column":13},"skip":true},"21":{"start":{"line":92,"column":16},"end":{"line":102,"column":17},"skip":true},"22":{"start":{"line":93,"column":20},"end":{"line":93,"column":86},"skip":true},"23":{"start":{"line":94,"column":20},"end":{"line":95,"column":45},"skip":true},"24":{"start":{"line":96,"column":20},"end":{"line":96,"column":42},"skip":true},"25":{"start":{"line":97,"column":20},"end":{"line":97,"column":48},"skip":true},"26":{"start":{"line":100,"column":20},"end":{"line":100,"column":85},"skip":true},"27":{"start":{"line":101,"column":20},"end":{"line":101,"column":96},"skip":true},"28":{"start":{"line":103,"column":16},"end":{"line":103,"column":22},"skip":true},"29":{"start":{"line":106,"column":16},"end":{"line":106,"column":22},"skip":true},"30":{"start":{"line":108,"column":12},"end":{"line":120,"column":13},"skip":true},"31":{"start":{"line":114,"column":16},"end":{"line":119,"column":17},"skip":true},"32":{"start":{"line":116,"column":20},"end":{"line":116,"column":78},"skip":true},"33":{"start":{"line":118,"column":20},"end":{"line":118,"column":47},"skip":true},"34":{"start":{"line":123,"column":8},"end":{"line":141,"column":11},"skip":true},"35":{"start":{"line":124,"column":12},"end":{"line":124,"column":54},"skip":true},"36":{"start":{"line":125,"column":12},"end":{"line":140,"column":14},"skip":true},"37":{"start":{"line":126,"column":16},"end":{"line":126,"column":28},"skip":true},"38":{"start":{"line":127,"column":16},"end":{"line":127,"column":69},"skip":true},"39":{"start":{"line":128,"column":16},"end":{"line":128,"column":75},"skip":true},"40":{"start":{"line":129,"column":16},"end":{"line":131,"column":17},"skip":true},"41":{"start":{"line":130,"column":20},"end":{"line":130,"column":27},"skip":true},"42":{"start":{"line":133,"column":16},"end":{"line":137,"column":36},"skip":true},"43":{"start":{"line":134,"column":20},"end":{"line":136,"column":55},"skip":true},"44":{"start":{"line":139,"column":16},"end":{"line":139,"column":57},"skip":true},"45":{"start":{"line":143,"column":8},"end":{"line":147,"column":11},"skip":true},"46":{"start":{"line":144,"column":12},"end":{"line":146,"column":15},"skip":true},"47":{"start":{"line":145,"column":16},"end":{"line":145,"column":70},"skip":true},"48":{"start":{"line":149,"column":8},"end":{"line":149,"column":31},"skip":true},"49":{"start":{"line":150,"column":8},"end":{"line":150,"column":14},"skip":true},"50":{"start":{"line":158,"column":8},"end":{"line":158,"column":31},"skip":true},"51":{"start":{"line":160,"column":8},"end":{"line":160,"column":33},"skip":true},"52":{"start":{"line":161,"column":8},"end":{"line":161,"column":37},"skip":true},"53":{"start":{"line":162,"column":8},"end":{"line":162,"column":35},"skip":true},"54":{"start":{"line":164,"column":8},"end":{"line":164,"column":50},"skip":true},"55":{"start":{"line":166,"column":8},"end":{"line":256,"column":2},"skip":true},"56":{"start":{"line":258,"column":8},"end":{"line":286,"column":9},"skip":true},"57":{"start":{"line":259,"column":12},"end":{"line":269,"column":14},"skip":true},"58":{"start":{"line":271,"column":12},"end":{"line":285,"column":19},"skip":true},"59":{"start":{"line":274,"column":20},"end":{"line":274,"column":35},"skip":true},"60":{"start":{"line":275,"column":20},"end":{"line":284,"column":21},"skip":true},"61":{"start":{"line":277,"column":24},"end":{"line":277,"column":64},"skip":true},"62":{"start":{"line":279,"column":24},"end":{"line":279,"column":40},"skip":true},"63":{"start":{"line":281,"column":24},"end":{"line":281,"column":40},"skip":true},"64":{"start":{"line":283,"column":24},"end":{"line":283,"column":39},"skip":true},"65":{"start":{"line":288,"column":8},"end":{"line":290,"column":9},"skip":true},"66":{"start":{"line":289,"column":12},"end":{"line":289,"column":18},"skip":true},"67":{"start":{"line":291,"column":8},"end":{"line":293,"column":54},"skip":true},"68":{"start":{"line":296,"column":8},"end":{"line":301,"column":37},"skip":true},"69":{"start":{"line":303,"column":8},"end":{"line":303,"column":82},"skip":true},"70":{"start":{"line":306,"column":8},"end":{"line":308,"column":9},"skip":true},"71":{"start":{"line":307,"column":12},"end":{"line":307,"column":82},"skip":true},"72":{"start":{"line":310,"column":8},"end":{"line":312,"column":9},"skip":true},"73":{"start":{"line":311,"column":12},"end":{"line":311,"column":18},"skip":true},"74":{"start":{"line":313,"column":8},"end":{"line":313,"column":54},"skip":true},"75":{"start":{"line":314,"column":8},"end":{"line":314,"column":69},"skip":true},"76":{"start":{"line":315,"column":8},"end":{"line":323,"column":36},"skip":true},"77":{"start":{"line":316,"column":12},"end":{"line":316,"column":61},"skip":true},"78":{"start":{"line":317,"column":12},"end":{"line":320,"column":13},"skip":true},"79":{"start":{"line":318,"column":16},"end":{"line":318,"column":75},"skip":true},"80":{"start":{"line":319,"column":16},"end":{"line":319,"column":23},"skip":true},"81":{"start":{"line":321,"column":12},"end":{"line":321,"column":38},"skip":true},"82":{"start":{"line":322,"column":12},"end":{"line":322,"column":27},"skip":true},"83":{"start":{"line":324,"column":8},"end":{"line":324,"column":14},"skip":true}},"branchMap":{"1":{"line":39,"type":"binary-expr","locations":[{"start":{"line":39,"column":23},"end":{"line":39,"column":62}},{"start":{"line":40,"column":20},"end":{"line":40,"column":70}},{"start":{"line":41,"column":20},"end":{"line":41,"column":71}},{"start":{"line":42,"column":20},"end":{"line":42,"column":29}}]},"2":{"line":44,"type":"binary-expr","locations":[{"start":{"line":44,"column":23},"end":{"line":44,"column":37}},{"start":{"line":45,"column":20},"end":{"line":45,"column":61}},{"start":{"line":46,"column":20},"end":{"line":46,"column":70}},{"start":{"line":47,"column":20},"end":{"line":47,"column":26}}]},"3":{"line":51,"type":"cond-expr","locations":[{"start":{"line":52,"column":14},"end":{"line":52,"column":20}},{"start":{"line":53,"column":14},"end":{"line":53,"column":20}}]},"4":{"line":55,"type":"binary-expr","locations":[{"start":{"line":55,"column":16},"end":{"line":55,"column":44}},{"start":{"line":55,"column":49},"end":{"line":57,"column":43}}]},"5":{"line":55,"type":"cond-expr","locations":[{"start":{"line":56,"column":14},"end":{"line":56,"column":54}},{"start":{"line":57,"column":14},"end":{"line":57,"column":43}}]},"6":{"line":61,"type":"switch","locations":[{"start":{"line":68,"column":4},"end":{"line":150,"column":14},"skip":true},{"start":{"line":156,"column":4},"end":{"line":324,"column":14},"skip":true}]},"7":{"line":70,"type":"if","locations":[{"start":{"line":70,"column":12},"end":{"line":70,"column":12},"skip":true},{"start":{"line":70,"column":12},"end":{"line":70,"column":12},"skip":true}]},"8":{"line":70,"type":"binary-expr","locations":[{"start":{"line":70,"column":16},"end":{"line":70,"column":22},"skip":true},{"start":{"line":70,"column":27},"end":{"line":70,"column":32},"skip":true},{"start":{"line":71,"column":20},"end":{"line":71,"column":39},"skip":true},{"start":{"line":72,"column":20},"end":{"line":72,"column":49},"skip":true},{"start":{"line":73,"column":20},"end":{"line":73,"column":58},"skip":true},{"start":{"line":74,"column":20},"end":{"line":74,"column":69},"skip":true}]},"9":{"line":79,"type":"switch","locations":[{"start":{"line":80,"column":20},"end":{"line":80,"column":33},"skip":true},{"start":{"line":81,"column":20},"end":{"line":83,"column":30},"skip":true},{"start":{"line":84,"column":20},"end":{"line":85,"column":49},"skip":true}]},"10":{"line":89,"type":"switch","locations":[{"start":{"line":90,"column":12},"end":{"line":103,"column":22},"skip":true},{"start":{"line":105,"column":12},"end":{"line":106,"column":22},"skip":true}]},"11":{"line":89,"type":"binary-expr","locations":[{"start":{"line":89,"column":20},"end":{"line":89,"column":25},"skip":true},{"start":{"line":89,"column":29},"end":{"line":89,"column":48},"skip":true},{"start":{"line":89,"column":52},"end":{"line":89,"column":74},"skip":true}]},"12":{"line":92,"type":"if","locations":[{"start":{"line":92,"column":16},"end":{"line":92,"column":16},"skip":true},{"start":{"line":92,"column":16},"end":{"line":92,"column":16},"skip":true}]},"13":{"line":108,"type":"if","locations":[{"start":{"line":108,"column":12},"end":{"line":108,"column":12},"skip":true},{"start":{"line":108,"column":12},"end":{"line":108,"column":12},"skip":true}]},"14":{"line":108,"type":"binary-expr","locations":[{"start":{"line":108,"column":16},"end":{"line":108,"column":61},"skip":true},{"start":{"line":108,"column":66},"end":{"line":108,"column":72},"skip":true},{"start":{"line":108,"column":77},"end":{"line":108,"column":82},"skip":true},{"start":{"line":109,"column":20},"end":{"line":109,"column":39},"skip":true},{"start":{"line":110,"column":20},"end":{"line":110,"column":49},"skip":true},{"start":{"line":111,"column":20},"end":{"line":111,"column":58},"skip":true},{"start":{"line":112,"column":20},"end":{"line":112,"column":68},"skip":true}]},"15":{"line":129,"type":"if","locations":[{"start":{"line":129,"column":16},"end":{"line":129,"column":16},"skip":true},{"start":{"line":129,"column":16},"end":{"line":129,"column":16},"skip":true}]},"16":{"line":134,"type":"cond-expr","locations":[{"start":{"line":135,"column":26},"end":{"line":135,"column":29},"skip":true},{"start":{"line":136,"column":26},"end":{"line":136,"column":54},"skip":true}]},"17":{"line":164,"type":"binary-expr","locations":[{"start":{"line":164,"column":27},"end":{"line":164,"column":43},"skip":true},{"start":{"line":164,"column":47},"end":{"line":164,"column":49},"skip":true}]},"18":{"line":258,"type":"if","locations":[{"start":{"line":258,"column":8},"end":{"line":258,"column":8},"skip":true},{"start":{"line":258,"column":8},"end":{"line":258,"column":8},"skip":true}]},"19":{"line":275,"type":"switch","locations":[{"start":{"line":276,"column":20},"end":{"line":277,"column":64},"skip":true},{"start":{"line":278,"column":20},"end":{"line":279,"column":40},"skip":true},{"start":{"line":280,"column":20},"end":{"line":281,"column":40},"skip":true},{"start":{"line":282,"column":20},"end":{"line":283,"column":39},"skip":true}]},"20":{"line":288,"type":"if","locations":[{"start":{"line":288,"column":8},"end":{"line":288,"column":8},"skip":true},{"start":{"line":288,"column":8},"end":{"line":288,"column":8},"skip":true}]},"21":{"line":288,"type":"binary-expr","locations":[{"start":{"line":288,"column":12},"end":{"line":288,"column":40},"skip":true},{"start":{"line":288,"column":44},"end":{"line":288,"column":67},"skip":true}]},"22":{"line":292,"type":"binary-expr","locations":[{"start":{"line":292,"column":12},"end":{"line":292,"column":50},"skip":true},{"start":{"line":293,"column":12},"end":{"line":293,"column":53},"skip":true}]},"23":{"line":297,"type":"binary-expr","locations":[{"start":{"line":297,"column":12},"end":{"line":297,"column":68},"skip":true},{"start":{"line":298,"column":12},"end":{"line":301,"column":36},"skip":true}]},"24":{"line":303,"type":"binary-expr","locations":[{"start":{"line":303,"column":43},"end":{"line":303,"column":75},"skip":true},{"start":{"line":303,"column":79},"end":{"line":303,"column":81},"skip":true}]},"25":{"line":306,"type":"if","locations":[{"start":{"line":306,"column":8},"end":{"line":306,"column":8},"skip":true},{"start":{"line":306,"column":8},"end":{"line":306,"column":8},"skip":true}]},"26":{"line":310,"type":"if","locations":[{"start":{"line":310,"column":8},"end":{"line":310,"column":8},"skip":true},{"start":{"line":310,"column":8},"end":{"line":310,"column":8},"skip":true}]},"27":{"line":313,"type":"binary-expr","locations":[{"start":{"line":313,"column":27},"end":{"line":313,"column":43},"skip":true},{"start":{"line":313,"column":47},"end":{"line":313,"column":53},"skip":true}]},"28":{"line":317,"type":"if","locations":[{"start":{"line":317,"column":12},"end":{"line":317,"column":12},"skip":true},{"start":{"line":317,"column":12},"end":{"line":317,"column":12},"skip":true}]}},"code":["/*","example.js","","quickstart example","","instruction","    1. save this script as example.js","    2. run the shell command:","        $ npm install npmtest-autocannon && PORT=8081 node example.js","    3. play with the browser-demo on http://127.0.0.1:8081","*/","","","","/* istanbul instrument in package npmtest_autocannon */","/*jslint","    bitwise: true,","    browser: true,","    maxerr: 8,","    maxlen: 96,","    node: true,","    nomen: true,","    regexp: true,","    stupid: true","*/","(function () {","    'use strict';","    var local;","","","","    // run shared js-env code - pre-init","    (function () {","        // init local","        local = {};","        // init modeJs","        local.modeJs = (function () {","            try {","                return typeof navigator.userAgent === 'string' &&","                    typeof document.querySelector('body') === 'object' &&","                    typeof XMLHttpRequest.prototype.open === 'function' &&","                    'browser';","            } catch (errorCaughtBrowser) {","                return module.exports &&","                    typeof process.versions.node === 'string' &&","                    typeof require('http').createServer === 'function' &&","                    'node';","            }","        }());","        // init global","        local.global = local.modeJs === 'browser'","            ? window","            : global;","        // init utility2_rollup","        local = local.global.utility2_rollup || (local.modeJs === 'browser'","            ? local.global.utility2_npmtest_autocannon","            : global.utility2_moduleExports);","        // export local","        local.global.local = local;","    }());","    switch (local.modeJs) {","","","","    // post-init","    // run browser js-env code - post-init","    /* istanbul ignore next */","    case 'browser':","        local.testRunBrowser = function (event) {","            if (!event || (event &&","                    event.currentTarget &&","                    event.currentTarget.className &&","                    event.currentTarget.className.includes &&","                    event.currentTarget.className.includes('onreset'))) {","                // reset output","                Array.from(","                    document.querySelectorAll('body > .resettable')","                ).forEach(function (element) {","                    switch (element.tagName) {","                    case 'INPUT':","                    case 'TEXTAREA':","                        element.value = '';","                        break;","                    default:","                        element.textContent = '';","                    }","                });","            }","            switch (event && event.currentTarget && event.currentTarget.id) {","            case 'testRunButton1':","                // show tests","                if (document.querySelector('#testReportDiv1').style.display === 'none') {","                    document.querySelector('#testReportDiv1').style.display = 'block';","                    document.querySelector('#testRunButton1').textContent =","                        'hide internal test';","                    local.modeTest = true;","                    local.testRunDefault(local);","                // hide tests","                } else {","                    document.querySelector('#testReportDiv1').style.display = 'none';","                    document.querySelector('#testRunButton1').textContent = 'run internal test';","                }","                break;","            // custom-case","            default:","                break;","            }","            if (document.querySelector('#inputTextareaEval1') && (!event || (event &&","                    event.currentTarget &&","                    event.currentTarget.className &&","                    event.currentTarget.className.includes &&","                    event.currentTarget.className.includes('oneval')))) {","                // try to eval input-code","                try {","                    /*jslint evil: true*/","                    eval(document.querySelector('#inputTextareaEval1').value);","                } catch (errorCaught) {","                    console.error(errorCaught);","                }","            }","        };","        // log stderr and stdout to #outputTextareaStdout1","        ['error', 'log'].forEach(function (key) {","            console[key + '_original'] = console[key];","            console[key] = function () {","                var element;","                console[key + '_original'].apply(console, arguments);","                element = document.querySelector('#outputTextareaStdout1');","                if (!element) {","                    return;","                }","                // append text to #outputTextareaStdout1","                element.value += Array.from(arguments).map(function (arg) {","                    return typeof arg === 'string'","                        ? arg","                        : JSON.stringify(arg, null, 4);","                }).join(' ') + '\\n';","                // scroll textarea to bottom","                element.scrollTop = element.scrollHeight;","            };","        });","        // init event-handling","        ['change', 'click', 'keyup'].forEach(function (event) {","            Array.from(document.querySelectorAll('.on' + event)).forEach(function (element) {","                element.addEventListener(event, local.testRunBrowser);","            });","        });","        // run tests","        local.testRunBrowser();","        break;","","","","    // run node js-env code - post-init","    /* istanbul ignore next */","    case 'node':","        // export local","        module.exports = local;","        // require modules","        local.fs = require('fs');","        local.http = require('http');","        local.url = require('url');","        // init assets","        local.assetsDict = local.assetsDict || {};","        /* jslint-ignore-begin */","        local.assetsDict['/assets.index.template.html'] = '\\","<!doctype html>\\n\\","<html lang=\"en\">\\n\\","<head>\\n\\","<meta charset=\"UTF-8\">\\n\\","<meta name=\"viewport\" content=\"width=device-width, initial-scale=1\">\\n\\","<title>{{env.npm_package_name}} (v{{env.npm_package_version}})</title>\\n\\","<style>\\n\\","/*csslint\\n\\","    box-sizing: false,\\n\\","    universal-selector: false\\n\\","*/\\n\\","* {\\n\\","    box-sizing: border-box;\\n\\","}\\n\\","body {\\n\\","    background: #dde;\\n\\","    font-family: Arial, Helvetica, sans-serif;\\n\\","    margin: 2rem;\\n\\","}\\n\\","body > * {\\n\\","    margin-bottom: 1rem;\\n\\","}\\n\\",".utility2FooterDiv {\\n\\","    margin-top: 20px;\\n\\","    text-align: center;\\n\\","}\\n\\","</style>\\n\\","<style>\\n\\","/*csslint\\n\\","*/\\n\\","textarea {\\n\\","    font-family: monospace;\\n\\","    height: 10rem;\\n\\","    width: 100%;\\n\\","}\\n\\","textarea[readonly] {\\n\\","    background: #ddd;\\n\\","}\\n\\","</style>\\n\\","</head>\\n\\","<body>\\n\\","<!-- utility2-comment\\n\\","<div id=\"ajaxProgressDiv1\" style=\"background: #d00; height: 2px; left: 0; margin: 0; padding: 0; position: fixed; top: 0; transition: background 0.5s, width 1.5s; width: 25%;\"></div>\\n\\","utility2-comment -->\\n\\","<h1>\\n\\","<!-- utility2-comment\\n\\","    <a\\n\\","        {{#if env.npm_package_homepage}}\\n\\","        href=\"{{env.npm_package_homepage}}\"\\n\\","        {{/if env.npm_package_homepage}}\\n\\","        target=\"_blank\"\\n\\","    >\\n\\","utility2-comment -->\\n\\","        {{env.npm_package_name}} (v{{env.npm_package_version}})\\n\\","<!-- utility2-comment\\n\\","    </a>\\n\\","utility2-comment -->\\n\\","</h1>\\n\\","<h3>{{env.npm_package_description}}</h3>\\n\\","<!-- utility2-comment\\n\\","<h4><a download href=\"assets.app.js\">download standalone app</a></h4>\\n\\","<button class=\"onclick onreset\" id=\"testRunButton1\">run internal test</button><br>\\n\\","<div id=\"testReportDiv1\" style=\"display: none;\"></div>\\n\\","utility2-comment -->\\n\\","\\n\\","\\n\\","\\n\\","<label>stderr and stdout</label>\\n\\","<textarea class=\"resettable\" id=\"outputTextareaStdout1\" readonly></textarea>\\n\\","<!-- utility2-comment\\n\\","{{#if isRollup}}\\n\\","<script src=\"assets.app.js\"></script>\\n\\","{{#unless isRollup}}\\n\\","utility2-comment -->\\n\\","<script src=\"assets.utility2.rollup.js\"></script>\\n\\","<script src=\"jsonp.utility2._stateInit?callback=window.utility2._stateInit\"></script>\\n\\","<script src=\"assets.npmtest_autocannon.rollup.js\"></script>\\n\\","<script src=\"assets.example.js\"></script>\\n\\","<script src=\"assets.test.js\"></script>\\n\\","<!-- utility2-comment\\n\\","{{/if isRollup}}\\n\\","utility2-comment -->\\n\\","<div class=\"utility2FooterDiv\">\\n\\","    [ this app was created with\\n\\","    <a href=\"https://github.com/kaizhu256/node-utility2\" target=\"_blank\">utility2</a>\\n\\","    ]\\n\\","</div>\\n\\","</body>\\n\\","</html>\\n\\","';","        /* jslint-ignore-end */","        if (local.templateRender) {","            local.assetsDict['/'] = local.templateRender(","                local.assetsDict['/assets.index.template.html'],","                {","                    env: local.objectSetDefault(local.env, {","                        npm_package_description: 'the greatest app in the world!',","                        npm_package_name: 'my-app',","                        npm_package_nameAlias: 'my_app',","                        npm_package_version: '0.0.1'","                    })","                }","            );","        } else {","            local.assetsDict['/'] = local.assetsDict['/assets.index.template.html']","                .replace((/\\{\\{env\\.(\\w+?)\\}\\}/g), function (match0, match1) {","                    // jslint-hack","                    String(match0);","                    switch (match1) {","                    case 'npm_package_description':","                        return 'the greatest app in the world!';","                    case 'npm_package_name':","                        return 'my-app';","                    case 'npm_package_nameAlias':","                        return 'my_app';","                    case 'npm_package_version':","                        return '0.0.1';","                    }","                });","        }","        // run the cli","        if (local.global.utility2_rollup || module !== require.main) {","            break;","        }","        local.assetsDict['/assets.example.js'] =","            local.assetsDict['/assets.example.js'] ||","            local.fs.readFileSync(__filename, 'utf8');","        // bug-workaround - long $npm_package_buildCustomOrg","        /* jslint-ignore-begin */","        local.assetsDict['/assets.npmtest_autocannon.rollup.js'] =","            local.assetsDict['/assets.npmtest_autocannon.rollup.js'] ||","            local.fs.readFileSync(","                local.npmtest_autocannon.__dirname + '/lib.npmtest_autocannon.js',","                'utf8'","            ).replace((/^#!/), '//');","        /* jslint-ignore-end */","        local.assetsDict['/favicon.ico'] = local.assetsDict['/favicon.ico'] || '';","        // if $npm_config_timeout_exit exists,","        // then exit this process after $npm_config_timeout_exit ms","        if (Number(process.env.npm_config_timeout_exit)) {","            setTimeout(process.exit, Number(process.env.npm_config_timeout_exit));","        }","        // start server","        if (local.global.utility2_serverHttp1) {","            break;","        }","        process.env.PORT = process.env.PORT || '8081';","        console.error('server starting on port ' + process.env.PORT);","        local.http.createServer(function (request, response) {","            request.urlParsed = local.url.parse(request.url);","            if (local.assetsDict[request.urlParsed.pathname] !== undefined) {","                response.end(local.assetsDict[request.urlParsed.pathname]);","                return;","            }","            response.statusCode = 404;","            response.end();","        }).listen(process.env.PORT);","        break;","    }","}());",""],"l":{"26":2,"28":2,"33":2,"35":2,"37":2,"38":2,"39":2,"44":1,"51":2,"55":2,"59":2,"61":2,"69":1,"70":2,"76":2,"79":2,"82":2,"83":2,"85":1,"89":2,"92":1,"93":1,"94":1,"96":1,"97":1,"100":1,"101":1,"103":1,"106":1,"108":2,"114":1,"116":1,"118":1,"123":1,"124":2,"125":2,"126":3,"127":3,"128":3,"129":3,"130":1,"133":3,"134":3,"139":3,"143":1,"144":3,"145":1,"149":1,"150":1,"158":1,"160":1,"161":1,"162":1,"164":1,"166":1,"258":1,"259":1,"271":1,"274":6,"275":6,"277":1,"279":2,"281":1,"283":2,"288":1,"289":1,"291":1,"296":1,"303":1,"306":1,"307":1,"310":1,"311":1,"313":1,"314":1,"315":1,"316":1,"317":1,"318":1,"319":1,"321":1,"322":1,"324":1}},"/home/travis/build/npmtest/node-npmtest-autocannon/node_modules/autocannon/autocannon.js":{"path":"/home/travis/build/npmtest/node-npmtest-autocannon/node_modules/autocannon/autocannon.js","s":{"1":1,"2":1,"3":1,"4":1,"5":1,"6":1,"7":1,"8":1,"9":1,"10":1,"11":1,"12":0,"13":0,"14":0,"15":0,"16":0,"17":0,"18":0,"19":0,"20":0,"21":0,"22":0,"23":0,"24":0,"25":0,"26":0,"27":0,"28":0,"29":0,"30":0,"31":0,"32":0,"33":0,"34":1,"35":0,"36":0,"37":0,"38":0,"39":0,"40":0,"41":0,"42":0,"43":0,"44":0,"45":0,"46":0,"47":0,"48":1,"49":0},"b":{"1":[0,0],"2":[0,0],"3":[0,0],"4":[0,0],"5":[0,0],"6":[0,0],"7":[0,0],"8":[0,0],"9":[0,0],"10":[0,0],"11":[0,0],"12":[0,0],"13":[0,1]},"f":{"1":0,"2":0},"fnMap":{"1":{"name":"parseArguments","line":18,"loc":{"start":{"line":18,"column":0},"end":{"line":18,"column":32}}},"2":{"name":"start","line":99,"loc":{"start":{"line":99,"column":0},"end":{"line":99,"column":22}}}},"statementMap":{"1":{"start":{"line":5,"column":0},"end":{"line":5,"column":36}},"2":{"start":{"line":6,"column":0},"end":{"line":6,"column":24}},"3":{"start":{"line":7,"column":0},"end":{"line":7,"column":28}},"4":{"start":{"line":8,"column":0},"end":{"line":8,"column":70}},"5":{"start":{"line":9,"column":0},"end":{"line":9,"column":32}},"6":{"start":{"line":10,"column":0},"end":{"line":10,"column":46}},"7":{"start":{"line":12,"column":0},"end":{"line":12,"column":20}},"8":{"start":{"line":13,"column":0},"end":{"line":13,"column":28}},"9":{"start":{"line":15,"column":0},"end":{"line":15,"column":28}},"10":{"start":{"line":16,"column":0},"end":{"line":16,"column":46}},"11":{"start":{"line":18,"column":0},"end":{"line":97,"column":1}},"12":{"start":{"line":19,"column":2},"end":{"line":59,"column":4}},"13":{"start":{"line":61,"column":2},"end":{"line":61,"column":22}},"14":{"start":{"line":64,"column":2},"end":{"line":67,"column":3}},"15":{"start":{"line":65,"column":4},"end":{"line":65,"column":34}},"16":{"start":{"line":66,"column":4},"end":{"line":66,"column":35}},"17":{"start":{"line":69,"column":2},"end":{"line":73,"column":3}},"18":{"start":{"line":70,"column":4},"end":{"line":70,"column":65}},"19":{"start":{"line":71,"column":4},"end":{"line":71,"column":40}},"20":{"start":{"line":72,"column":4},"end":{"line":72,"column":10}},"21":{"start":{"line":75,"column":2},"end":{"line":78,"column":3}},"22":{"start":{"line":76,"column":4},"end":{"line":76,"column":23}},"23":{"start":{"line":77,"column":4},"end":{"line":77,"column":10}},"24":{"start":{"line":80,"column":2},"end":{"line":82,"column":3}},"25":{"start":{"line":81,"column":4},"end":{"line":81,"column":43}},"26":{"start":{"line":84,"column":2},"end":{"line":94,"column":3}},"27":{"start":{"line":85,"column":4},"end":{"line":87,"column":5}},"28":{"start":{"line":86,"column":6},"end":{"line":86,"column":35}},"29":{"start":{"line":89,"column":4},"end":{"line":93,"column":10}},"30":{"start":{"line":90,"column":6},"end":{"line":90,"column":39}},"31":{"start":{"line":91,"column":6},"end":{"line":91,"column":59}},"32":{"start":{"line":92,"column":6},"end":{"line":92,"column":16}},"33":{"start":{"line":96,"column":2},"end":{"line":96,"column":13}},"34":{"start":{"line":99,"column":0},"end":{"line":125,"column":1}},"35":{"start":{"line":100,"column":2},"end":{"line":103,"column":3}},"36":{"start":{"line":102,"column":4},"end":{"line":102,"column":10}},"37":{"start":{"line":105,"column":2},"end":{"line":105,"column":27}},"38":{"start":{"line":107,"column":2},"end":{"line":111,"column":4}},"39":{"start":{"line":108,"column":4},"end":{"line":110,"column":5}},"40":{"start":{"line":109,"column":6},"end":{"line":109,"column":41}},"41":{"start":{"line":113,"column":2},"end":{"line":117,"column":4}},"42":{"start":{"line":114,"column":4},"end":{"line":116,"column":5}},"43":{"start":{"line":115,"column":6},"end":{"line":115,"column":15}},"44":{"start":{"line":120,"column":2},"end":{"line":120,"column":63}},"45":{"start":{"line":120,"column":43},"end":{"line":120,"column":63}},"46":{"start":{"line":122,"column":2},"end":{"line":124,"column":4}},"47":{"start":{"line":123,"column":4},"end":{"line":123,"column":18}},"48":{"start":{"line":127,"column":0},"end":{"line":129,"column":1}},"49":{"start":{"line":128,"column":2},"end":{"line":128,"column":46}}},"branchMap":{"1":{"line":64,"type":"if","locations":[{"start":{"line":64,"column":2},"end":{"line":64,"column":2}},{"start":{"line":64,"column":2},"end":{"line":64,"column":2}}]},"2":{"line":69,"type":"if","locations":[{"start":{"line":69,"column":2},"end":{"line":69,"column":2}},{"start":{"line":69,"column":2},"end":{"line":69,"column":2}}]},"3":{"line":75,"type":"if","locations":[{"start":{"line":75,"column":2},"end":{"line":75,"column":2}},{"start":{"line":75,"column":2},"end":{"line":75,"column":2}}]},"4":{"line":75,"type":"binary-expr","locations":[{"start":{"line":75,"column":6},"end":{"line":75,"column":15}},{"start":{"line":75,"column":19},"end":{"line":75,"column":28}}]},"5":{"line":80,"type":"if","locations":[{"start":{"line":80,"column":2},"end":{"line":80,"column":2}},{"start":{"line":80,"column":2},"end":{"line":80,"column":2}}]},"6":{"line":84,"type":"if","locations":[{"start":{"line":84,"column":2},"end":{"line":84,"column":2}},{"start":{"line":84,"column":2},"end":{"line":84,"column":2}}]},"7":{"line":85,"type":"if","locations":[{"start":{"line":85,"column":4},"end":{"line":85,"column":4}},{"start":{"line":85,"column":4},"end":{"line":85,"column":4}}]},"8":{"line":100,"type":"if","locations":[{"start":{"line":100,"column":2},"end":{"line":100,"column":2}},{"start":{"line":100,"column":2},"end":{"line":100,"column":2}}]},"9":{"line":108,"type":"if","locations":[{"start":{"line":108,"column":4},"end":{"line":108,"column":4}},{"start":{"line":108,"column":4},"end":{"line":108,"column":4}}]},"10":{"line":114,"type":"if","locations":[{"start":{"line":114,"column":4},"end":{"line":114,"column":4}},{"start":{"line":114,"column":4},"end":{"line":114,"column":4}}]},"11":{"line":120,"type":"if","locations":[{"start":{"line":120,"column":2},"end":{"line":120,"column":2}},{"start":{"line":120,"column":2},"end":{"line":120,"column":2}}]},"12":{"line":120,"type":"binary-expr","locations":[{"start":{"line":120,"column":6},"end":{"line":120,"column":16}},{"start":{"line":120,"column":20},"end":{"line":120,"column":41}}]},"13":{"line":127,"type":"if","locations":[{"start":{"line":127,"column":0},"end":{"line":127,"column":0}},{"start":{"line":127,"column":0},"end":{"line":127,"column":0}}]}},"code":["//#! /usr/bin/env node","","'use strict'","","const minimist = require('minimist')","const fs = require('fs')","const path = require('path')","const help = fs.readFileSync(path.join(__dirname, 'help.txt'), 'utf8')","const run = require('./lib/run')","const track = require('./lib/progressTracker')","","module.exports = run","module.exports.track = track","","module.exports.start = start","module.exports.parseArguments = parseArguments","","function parseArguments (argvs) {","  const argv = minimist(argvs, {","    boolean: ['json', 'n', 'help', 'renderLatencyTable', 'renderProgressBar', 'forever', 'idReplacement'],","    alias: {","      connections: 'c',","      pipelining: 'p',","      timeout: 't',","      duration: 'd',","      amount: 'a',","      json: 'j',","      renderLatencyTable: ['l', 'latency'],","      method: 'm',","      headers: ['H', 'header'],","      body: 'b',","      bailout: 'B',","      input: 'i',","      maxConnectionRequests: 'M',","      maxOverallRequests: 'O',","      connectionRate: 'r',","      overallRate: 'R',","      reconnectRate: 'D',","      renderProgressBar: 'progress',","      title: 'T',","      version: 'v',","      forever: 'f',","      idReplacement: 'I',","      help: 'h'","    },","    default: {","      connections: 10,","      timeout: 10,","      pipelining: 1,","      duration: 10,","      reconnectRate: 0,","      renderLatencyTable: false,","      renderProgressBar: true,","      json: false,","      forever: false,","      method: 'GET',","      idReplacement: false","    }","  })","","  argv.url = argv._[0]","","  // support -n to disable the progress bar and results table","  if (argv.n) {","    argv.renderProgressBar = false","    argv.renderResultsTable = false","  }","","  if (argv.version) {","    console.log('autocannon', 'v' + require('./package').version)","    console.log('node', process.version)","    return","  }","","  if (!argv.url || argv.help) {","    console.error(help)","    return","  }","","  if (argv.input) {","    argv.body = fs.readFileSync(argv.input)","  }","","  if (argv.headers) {","    if (!Array.isArray(argv.headers)) {","      argv.headers = [argv.headers]","    }","","    argv.headers = argv.headers.reduce((obj, header) => {","      const index = header.indexOf('=')","      obj[header.slice(0, index)] = header.slice(index + 1)","      return obj","    }, {})","  }","","  return argv","}","","function start (argv) {","  if (!argv) {","    // we are printing the help","    return","  }","","  const tracker = run(argv)","","  tracker.on('done', (result) => {","    if (argv.json) {","      console.log(JSON.stringify(result))","    }","  })","","  tracker.on('error', (err) => {","    if (err) {","      throw err","    }","  })","","  // if not rendering json, or if std isn't a tty, track progress","  if (!argv.json || !process.stdout.isTTY) track(tracker, argv)","","  process.once('SIGINT', () => {","    tracker.stop()","  })","}","","if (require.main === module) {","  start(parseArguments(process.argv.slice(2)))","}",""],"l":{"5":1,"6":1,"7":1,"8":1,"9":1,"10":1,"12":1,"13":1,"15":1,"16":1,"18":1,"19":0,"61":0,"64":0,"65":0,"66":0,"69":0,"70":0,"71":0,"72":0,"75":0,"76":0,"77":0,"80":0,"81":0,"84":0,"85":0,"86":0,"89":0,"90":0,"91":0,"92":0,"96":0,"99":1,"100":0,"102":0,"105":0,"107":0,"108":0,"109":0,"113":0,"114":0,"115":0,"120":0,"122":0,"123":0,"127":1,"128":0}},"/home/travis/build/npmtest/node-npmtest-autocannon/node_modules/autocannon/lib/run.js":{"path":"/home/travis/build/npmtest/node-npmtest-autocannon/node_modules/autocannon/lib/run.js","s":{"1":1,"2":1,"3":1,"4":1,"5":1,"6":1,"7":1,"8":1,"9":1,"10":1,"11":1,"12":1,"13":6,"14":6,"15":6,"16":6,"17":6,"18":6,"19":6,"20":6,"21":6,"22":0,"23":6,"24":6,"25":0,"26":6,"27":6,"28":6,"29":6,"30":6,"31":6,"32":6,"33":6,"34":6,"35":6,"36":6,"37":6,"38":6,"39":6,"40":6,"41":6,"42":6,"43":6,"44":6,"45":6,"46":6,"47":6,"48":6,"49":6,"50":6,"51":6,"52":5,"53":5,"54":4,"55":5,"56":0,"57":0,"58":5,"59":5,"60":4,"61":1,"62":24,"63":24,"64":24,"65":24,"66":24,"67":24,"68":24,"69":24,"70":4,"71":4,"72":4,"73":4,"74":3010,"75":4,"76":4,"77":4,"78":20,"79":4,"80":4,"81":4,"82":4,"83":4,"84":0,"85":0,"86":0,"87":0,"88":0,"89":0,"90":0,"91":0,"92":0,"93":0,"94":0,"95":0,"96":0,"97":0,"98":0,"99":0,"100":0,"101":1,"102":6,"103":3021,"104":0,"105":3021,"106":0,"107":3021,"108":0,"109":3021,"110":3020,"111":3020,"112":3020,"113":3020,"114":45335,"115":3020,"116":3020,"117":3020,"118":1,"119":0,"120":1,"121":43783,"122":43783,"123":43783,"124":43783,"125":43783,"126":43783,"127":43783,"128":1,"129":0,"130":0,"131":0,"132":0,"133":0,"134":1,"135":1552,"136":1552,"137":1552,"138":1552,"139":1552,"140":0,"141":1,"142":3010,"143":4,"144":1,"145":6,"146":0,"147":0,"148":6,"149":0,"150":0,"151":0,"152":6,"153":6,"154":0,"155":0,"156":0,"157":6,"158":0,"159":6,"160":0,"161":6,"162":0,"163":6,"164":0,"165":6,"166":0,"167":6,"168":0,"169":6,"170":0,"171":6,"172":0,"173":6,"174":0,"175":6,"176":0,"177":0,"178":1,"179":6,"180":0,"181":0,"182":6,"183":1,"184":12,"185":0,"186":0,"187":12,"188":1,"189":6,"190":0,"191":0,"192":6,"193":1,"194":0,"195":0,"196":0,"197":0,"198":6,"199":5,"200":1,"201":1},"b":{"1":[6,0],"2":[0,6],"3":[0,6],"4":[6,6,6],"5":[6,6],"6":[5,0],"7":[4,20],"8":[4,0],"9":[4,0],"10":[0,4],"11":[4,0],"12":[0,3021],"13":[3021,3021,3021],"14":[0,3021],"15":[0,3021],"16":[3021,3021],"17":[0,3020],"18":[0,0],"19":[43783,0],"20":[0,0],"21":[0,0],"22":[0,1552],"23":[1552,0],"24":[4,3006],"25":[0,6],"26":[0,6],"27":[0,0],"28":[6,0],"29":[0,6],"30":[0,6],"31":[0,6],"32":[0,6],"33":[0,6],"34":[6,0],"35":[0,6],"36":[6,0],"37":[0,6],"38":[6,0],"39":[0,6],"40":[6,0],"41":[0,6],"42":[6,0],"43":[0,6],"44":[6,0],"45":[0,6],"46":[6,0],"47":[0,6],"48":[0,12],"49":[0,6],"50":[0,0]},"f":{"1":6,"2":24,"3":6,"4":0,"5":43783,"6":0,"7":1552,"8":3010,"9":6,"10":6,"11":12,"12":6,"13":0,"14":0},"fnMap":{"1":{"name":"run","line":33,"loc":{"start":{"line":33,"column":0},"end":{"line":33,"column":24}}},"2":{"name":"tickInterval","line":109,"loc":{"start":{"line":109,"column":2},"end":{"line":109,"column":27}}},"3":{"name":"initialiseClients","line":172,"loc":{"start":{"line":172,"column":2},"end":{"line":172,"column":39}}},"4":{"name":"distributeNums","line":196,"loc":{"start":{"line":196,"column":4},"end":{"line":196,"column":35}}},"5":{"name":"onResponse","line":200,"loc":{"start":{"line":200,"column":4},"end":{"line":200,"column":61}}},"6":{"name":"onError","line":210,"loc":{"start":{"line":210,"column":4},"end":{"line":210,"column":24}}},"7":{"name":"onTimeout","line":217,"loc":{"start":{"line":217,"column":4},"end":{"line":217,"column":26}}},"8":{"name":"onDone","line":224,"loc":{"start":{"line":224,"column":4},"end":{"line":224,"column":23}}},"9":{"name":"checkOptsForErrors","line":230,"loc":{"start":{"line":230,"column":2},"end":{"line":230,"column":33}}},"10":{"name":"lessThanZeroError","line":263,"loc":{"start":{"line":263,"column":4},"end":{"line":263,"column":42}}},"11":{"name":"lessThanOneError","line":271,"loc":{"start":{"line":271,"column":4},"end":{"line":271,"column":41}}},"12":{"name":"greaterThanZeroError","line":279,"loc":{"start":{"line":279,"column":4},"end":{"line":279,"column":45}}},"13":{"name":"errorCb","line":287,"loc":{"start":{"line":287,"column":4},"end":{"line":287,"column":29}}},"14":{"name":"noop","line":303,"loc":{"start":{"line":303,"column":0},"end":{"line":303,"column":17}}}},"statementMap":{"1":{"start":{"line":3,"column":0},"end":{"line":3,"column":41}},"2":{"start":{"line":4,"column":0},"end":{"line":4,"column":26}},"3":{"start":{"line":5,"column":0},"end":{"line":5,"column":49}},"4":{"start":{"line":6,"column":0},"end":{"line":6,"column":40}},"5":{"start":{"line":7,"column":0},"end":{"line":7,"column":38}},"6":{"start":{"line":8,"column":0},"end":{"line":8,"column":30}},"7":{"start":{"line":9,"column":0},"end":{"line":9,"column":57}},"8":{"start":{"line":10,"column":0},"end":{"line":10,"column":40}},"9":{"start":{"line":11,"column":0},"end":{"line":11,"column":36}},"10":{"start":{"line":12,"column":0},"end":{"line":12,"column":46}},"11":{"start":{"line":14,"column":0},"end":{"line":31,"column":1}},"12":{"start":{"line":33,"column":0},"end":{"line":301,"column":1}},"13":{"start":{"line":34,"column":2},"end":{"line":34,"column":47}},"14":{"start":{"line":36,"column":2},"end":{"line":36,"column":17}},"15":{"start":{"line":38,"column":2},"end":{"line":38,"column":26}},"16":{"start":{"line":40,"column":2},"end":{"line":40,"column":46}},"17":{"start":{"line":41,"column":2},"end":{"line":41,"column":47}},"18":{"start":{"line":42,"column":2},"end":{"line":42,"column":54}},"19":{"start":{"line":43,"column":2},"end":{"line":49,"column":3}},"20":{"start":{"line":51,"column":2},"end":{"line":51,"column":36}},"21":{"start":{"line":54,"column":2},"end":{"line":54,"column":34}},"22":{"start":{"line":54,"column":28},"end":{"line":54,"column":34}},"23":{"start":{"line":58,"column":2},"end":{"line":58,"column":21}},"24":{"start":{"line":60,"column":2},"end":{"line":60,"column":69}},"25":{"start":{"line":60,"column":38},"end":{"line":60,"column":69}},"26":{"start":{"line":61,"column":2},"end":{"line":61,"column":33}},"27":{"start":{"line":63,"column":2},"end":{"line":63,"column":17}},"28":{"start":{"line":64,"column":2},"end":{"line":64,"column":15}},"29":{"start":{"line":65,"column":2},"end":{"line":65,"column":16}},"30":{"start":{"line":66,"column":2},"end":{"line":66,"column":18}},"31":{"start":{"line":67,"column":2},"end":{"line":67,"column":20}},"32":{"start":{"line":68,"column":2},"end":{"line":68,"column":23}},"33":{"start":{"line":69,"column":2},"end":{"line":69,"column":32}},"34":{"start":{"line":70,"column":2},"end":{"line":70,"column":26}},"35":{"start":{"line":71,"column":2},"end":{"line":71,"column":18}},"36":{"start":{"line":72,"column":2},"end":{"line":72,"column":20}},"37":{"start":{"line":73,"column":2},"end":{"line":73,"column":35}},"38":{"start":{"line":74,"column":2},"end":{"line":74,"column":28}},"39":{"start":{"line":78,"column":2},"end":{"line":78,"column":34}},"40":{"start":{"line":79,"column":2},"end":{"line":79,"column":26}},"41":{"start":{"line":80,"column":2},"end":{"line":80,"column":22}},"42":{"start":{"line":81,"column":2},"end":{"line":81,"column":28}},"43":{"start":{"line":82,"column":2},"end":{"line":82,"column":36}},"44":{"start":{"line":83,"column":2},"end":{"line":83,"column":28}},"45":{"start":{"line":84,"column":2},"end":{"line":84,"column":30}},"46":{"start":{"line":85,"column":2},"end":{"line":85,"column":40}},"47":{"start":{"line":86,"column":2},"end":{"line":86,"column":83}},"48":{"start":{"line":87,"column":2},"end":{"line":87,"column":52}},"49":{"start":{"line":88,"column":2},"end":{"line":88,"column":40}},"50":{"start":{"line":90,"column":2},"end":{"line":90,"column":18}},"51":{"start":{"line":91,"column":2},"end":{"line":91,"column":28}},"52":{"start":{"line":93,"column":2},"end":{"line":97,"column":3}},"53":{"start":{"line":94,"column":4},"end":{"line":96,"column":28}},"54":{"start":{"line":95,"column":6},"end":{"line":95,"column":17}},"55":{"start":{"line":99,"column":2},"end":{"line":102,"column":3}},"56":{"start":{"line":100,"column":4},"end":{"line":100,"column":15}},"57":{"start":{"line":101,"column":4},"end":{"line":101,"column":19}},"58":{"start":{"line":104,"column":2},"end":{"line":104,"column":49}},"59":{"start":{"line":107,"column":2},"end":{"line":107,"column":47}},"60":{"start":{"line":107,"column":23},"end":{"line":107,"column":45}},"61":{"start":{"line":109,"column":2},"end":{"line":170,"column":3}},"62":{"start":{"line":110,"column":4},"end":{"line":110,"column":23}},"63":{"start":{"line":111,"column":4},"end":{"line":111,"column":37}},"64":{"start":{"line":112,"column":4},"end":{"line":112,"column":28}},"65":{"start":{"line":113,"column":4},"end":{"line":113,"column":28}},"66":{"start":{"line":114,"column":4},"end":{"line":114,"column":15}},"67":{"start":{"line":115,"column":4},"end":{"line":115,"column":13}},"68":{"start":{"line":116,"column":4},"end":{"line":116,"column":24}},"69":{"start":{"line":118,"column":4},"end":{"line":169,"column":5}},"70":{"start":{"line":119,"column":6},"end":{"line":119,"column":44}},"71":{"start":{"line":119,"column":21},"end":{"line":119,"column":44}},"72":{"start":{"line":120,"column":6},"end":{"line":120,"column":22}},"73":{"start":{"line":121,"column":6},"end":{"line":121,"column":51}},"74":{"start":{"line":121,"column":34},"end":{"line":121,"column":50}},"75":{"start":{"line":122,"column":6},"end":{"line":136,"column":7}},"76":{"start":{"line":137,"column":6},"end":{"line":137,"column":42}},"77":{"start":{"line":138,"column":6},"end":{"line":138,"column":81}},"78":{"start":{"line":138,"column":45},"end":{"line":138,"column":79}},"79":{"start":{"line":140,"column":6},"end":{"line":140,"column":34}},"80":{"start":{"line":141,"column":6},"end":{"line":141,"column":41}},"81":{"start":{"line":141,"column":25},"end":{"line":141,"column":41}},"82":{"start":{"line":144,"column":6},"end":{"line":168,"column":8}},"83":{"start":{"line":145,"column":8},"end":{"line":167,"column":9}},"84":{"start":{"line":146,"column":10},"end":{"line":146,"column":22}},"85":{"start":{"line":147,"column":10},"end":{"line":149,"column":34}},"86":{"start":{"line":148,"column":12},"end":{"line":148,"column":23}},"87":{"start":{"line":150,"column":10},"end":{"line":150,"column":20}},"88":{"start":{"line":151,"column":10},"end":{"line":151,"column":22}},"89":{"start":{"line":152,"column":10},"end":{"line":152,"column":24}},"90":{"start":{"line":153,"column":10},"end":{"line":153,"column":27}},"91":{"start":{"line":154,"column":10},"end":{"line":154,"column":36}},"92":{"start":{"line":155,"column":10},"end":{"line":155,"column":29}},"93":{"start":{"line":156,"column":10},"end":{"line":156,"column":26}},"94":{"start":{"line":157,"column":10},"end":{"line":157,"column":27}},"95":{"start":{"line":158,"column":10},"end":{"line":158,"column":28}},"96":{"start":{"line":159,"column":10},"end":{"line":159,"column":32}},"97":{"start":{"line":162,"column":10},"end":{"line":162,"column":22}},"98":{"start":{"line":163,"column":10},"end":{"line":163,"column":36}},"99":{"start":{"line":165,"column":10},"end":{"line":165,"column":35}},"100":{"start":{"line":166,"column":10},"end":{"line":166,"column":31}},"101":{"start":{"line":172,"column":2},"end":{"line":227,"column":3}},"102":{"start":{"line":173,"column":4},"end":{"line":194,"column":5}},"103":{"start":{"line":174,"column":6},"end":{"line":176,"column":7}},"104":{"start":{"line":175,"column":8},"end":{"line":175,"column":68}},"105":{"start":{"line":177,"column":6},"end":{"line":179,"column":7}},"106":{"start":{"line":178,"column":8},"end":{"line":178,"column":51}},"107":{"start":{"line":180,"column":6},"end":{"line":182,"column":7}},"108":{"start":{"line":181,"column":8},"end":{"line":181,"column":54}},"109":{"start":{"line":184,"column":6},"end":{"line":184,"column":34}},"110":{"start":{"line":185,"column":6},"end":{"line":185,"column":39}},"111":{"start":{"line":186,"column":6},"end":{"line":186,"column":37}},"112":{"start":{"line":187,"column":6},"end":{"line":187,"column":37}},"113":{"start":{"line":188,"column":6},"end":{"line":188,"column":53}},"114":{"start":{"line":188,"column":35},"end":{"line":188,"column":51}},"115":{"start":{"line":189,"column":6},"end":{"line":189,"column":31}},"116":{"start":{"line":190,"column":6},"end":{"line":190,"column":26}},"117":{"start":{"line":193,"column":6},"end":{"line":193,"column":76}},"118":{"start":{"line":196,"column":4},"end":{"line":198,"column":5}},"119":{"start":{"line":197,"column":6},"end":{"line":197,"column":95}},"120":{"start":{"line":200,"column":4},"end":{"line":208,"column":5}},"121":{"start":{"line":201,"column":6},"end":{"line":201,"column":72}},"122":{"start":{"line":202,"column":6},"end":{"line":202,"column":66}},"123":{"start":{"line":203,"column":6},"end":{"line":203,"column":33}},"124":{"start":{"line":205,"column":6},"end":{"line":205,"column":57}},"125":{"start":{"line":205,"column":27},"end":{"line":205,"column":57}},"126":{"start":{"line":206,"column":6},"end":{"line":206,"column":23}},"127":{"start":{"line":207,"column":6},"end":{"line":207,"column":15}},"128":{"start":{"line":210,"column":4},"end":{"line":214,"column":5}},"129":{"start":{"line":211,"column":6},"end":{"line":211,"column":72}},"130":{"start":{"line":211,"column":48},"end":{"line":211,"column":72}},"131":{"start":{"line":212,"column":6},"end":{"line":212,"column":14}},"132":{"start":{"line":213,"column":6},"end":{"line":213,"column":61}},"133":{"start":{"line":213,"column":50},"end":{"line":213,"column":61}},"134":{"start":{"line":217,"column":4},"end":{"line":222,"column":5}},"135":{"start":{"line":218,"column":6},"end":{"line":218,"column":72}},"136":{"start":{"line":218,"column":48},"end":{"line":218,"column":72}},"137":{"start":{"line":219,"column":6},"end":{"line":219,"column":14}},"138":{"start":{"line":220,"column":6},"end":{"line":220,"column":16}},"139":{"start":{"line":221,"column":6},"end":{"line":221,"column":61}},"140":{"start":{"line":221,"column":50},"end":{"line":221,"column":61}},"141":{"start":{"line":224,"column":4},"end":{"line":226,"column":5}},"142":{"start":{"line":225,"column":6},"end":{"line":225,"column":36}},"143":{"start":{"line":225,"column":25},"end":{"line":225,"column":36}},"144":{"start":{"line":230,"column":2},"end":{"line":298,"column":3}},"145":{"start":{"line":231,"column":4},"end":{"line":234,"column":5}},"146":{"start":{"line":232,"column":6},"end":{"line":232,"column":47}},"147":{"start":{"line":233,"column":6},"end":{"line":233,"column":17}},"148":{"start":{"line":236,"column":4},"end":{"line":239,"column":5}},"149":{"start":{"line":237,"column":6},"end":{"line":238,"column":55}},"150":{"start":{"line":237,"column":42},"end":{"line":237,"column":83}},"151":{"start":{"line":238,"column":11},"end":{"line":238,"column":55}},"152":{"start":{"line":241,"column":4},"end":{"line":246,"column":5}},"153":{"start":{"line":242,"column":6},"end":{"line":242,"column":67}},"154":{"start":{"line":242,"column":56},"end":{"line":242,"column":67}},"155":{"start":{"line":244,"column":6},"end":{"line":244,"column":69}},"156":{"start":{"line":245,"column":6},"end":{"line":245,"column":17}},"157":{"start":{"line":248,"column":4},"end":{"line":248,"column":70}},"158":{"start":{"line":248,"column":59},"end":{"line":248,"column":70}},"159":{"start":{"line":249,"column":4},"end":{"line":249,"column":75}},"160":{"start":{"line":249,"column":64},"end":{"line":249,"column":75}},"161":{"start":{"line":250,"column":4},"end":{"line":250,"column":66}},"162":{"start":{"line":250,"column":55},"end":{"line":250,"column":66}},"163":{"start":{"line":251,"column":4},"end":{"line":251,"column":88}},"164":{"start":{"line":251,"column":77},"end":{"line":251,"column":88}},"165":{"start":{"line":252,"column":4},"end":{"line":252,"column":99}},"166":{"start":{"line":252,"column":88},"end":{"line":252,"column":99}},"167":{"start":{"line":253,"column":4},"end":{"line":253,"column":98}},"168":{"start":{"line":253,"column":87},"end":{"line":253,"column":98}},"169":{"start":{"line":254,"column":4},"end":{"line":254,"column":75}},"170":{"start":{"line":254,"column":64},"end":{"line":254,"column":75}},"171":{"start":{"line":255,"column":4},"end":{"line":255,"column":120}},"172":{"start":{"line":255,"column":109},"end":{"line":255,"column":120}},"173":{"start":{"line":256,"column":4},"end":{"line":256,"column":111}},"174":{"start":{"line":256,"column":100},"end":{"line":256,"column":111}},"175":{"start":{"line":258,"column":4},"end":{"line":261,"column":5}},"176":{"start":{"line":259,"column":6},"end":{"line":259,"column":150}},"177":{"start":{"line":260,"column":6},"end":{"line":260,"column":17}},"178":{"start":{"line":263,"column":4},"end":{"line":269,"column":5}},"179":{"start":{"line":264,"column":6},"end":{"line":267,"column":7}},"180":{"start":{"line":265,"column":8},"end":{"line":265,"column":61}},"181":{"start":{"line":266,"column":8},"end":{"line":266,"column":19}},"182":{"start":{"line":268,"column":6},"end":{"line":268,"column":18}},"183":{"start":{"line":271,"column":4},"end":{"line":277,"column":5}},"184":{"start":{"line":272,"column":6},"end":{"line":275,"column":7}},"185":{"start":{"line":273,"column":8},"end":{"line":273,"column":61}},"186":{"start":{"line":274,"column":8},"end":{"line":274,"column":19}},"187":{"start":{"line":276,"column":6},"end":{"line":276,"column":18}},"188":{"start":{"line":279,"column":4},"end":{"line":285,"column":5}},"189":{"start":{"line":280,"column":6},"end":{"line":283,"column":7}},"190":{"start":{"line":281,"column":8},"end":{"line":281,"column":61}},"191":{"start":{"line":282,"column":8},"end":{"line":282,"column":19}},"192":{"start":{"line":284,"column":6},"end":{"line":284,"column":18}},"193":{"start":{"line":287,"column":4},"end":{"line":295,"column":5}},"194":{"start":{"line":288,"column":6},"end":{"line":294,"column":7}},"195":{"start":{"line":289,"column":8},"end":{"line":289,"column":17}},"196":{"start":{"line":293,"column":8},"end":{"line":293,"column":60}},"197":{"start":{"line":293,"column":29},"end":{"line":293,"column":58}},"198":{"start":{"line":297,"column":4},"end":{"line":297,"column":16}},"199":{"start":{"line":300,"column":2},"end":{"line":300,"column":16}},"200":{"start":{"line":303,"column":0},"end":{"line":303,"column":19}},"201":{"start":{"line":305,"column":0},"end":{"line":305,"column":20}}},"branchMap":{"1":{"line":36,"type":"binary-expr","locations":[{"start":{"line":36,"column":7},"end":{"line":36,"column":9}},{"start":{"line":36,"column":13},"end":{"line":36,"column":17}}]},"2":{"line":54,"type":"if","locations":[{"start":{"line":54,"column":2},"end":{"line":54,"column":2}},{"start":{"line":54,"column":2},"end":{"line":54,"column":2}}]},"3":{"line":60,"type":"if","locations":[{"start":{"line":60,"column":2},"end":{"line":60,"column":2}},{"start":{"line":60,"column":2},"end":{"line":60,"column":2}}]},"4":{"line":86,"type":"binary-expr","locations":[{"start":{"line":86,"column":20},"end":{"line":86,"column":26}},{"start":{"line":86,"column":30},"end":{"line":86,"column":56}},{"start":{"line":86,"column":60},"end":{"line":86,"column":83}}]},"5":{"line":87,"type":"binary-expr","locations":[{"start":{"line":87,"column":13},"end":{"line":87,"column":32}},{"start":{"line":87,"column":36},"end":{"line":87,"column":52}}]},"6":{"line":93,"type":"if","locations":[{"start":{"line":93,"column":2},"end":{"line":93,"column":2}},{"start":{"line":93,"column":2},"end":{"line":93,"column":2}}]},"7":{"line":118,"type":"if","locations":[{"start":{"line":118,"column":4},"end":{"line":118,"column":4}},{"start":{"line":118,"column":4},"end":{"line":118,"column":4}}]},"8":{"line":119,"type":"if","locations":[{"start":{"line":119,"column":6},"end":{"line":119,"column":6}},{"start":{"line":119,"column":6},"end":{"line":119,"column":6}}]},"9":{"line":141,"type":"if","locations":[{"start":{"line":141,"column":6},"end":{"line":141,"column":6}},{"start":{"line":141,"column":6},"end":{"line":141,"column":6}}]},"10":{"line":145,"type":"if","locations":[{"start":{"line":145,"column":8},"end":{"line":145,"column":8}},{"start":{"line":145,"column":8},"end":{"line":145,"column":8}}]},"11":{"line":145,"type":"binary-expr","locations":[{"start":{"line":145,"column":12},"end":{"line":145,"column":24}},{"start":{"line":145,"column"
[...]
     border: getBorderCharacters('void'),","        columnDefault: {","          paddingLeft: 0,","          paddingRight: 6","        },","        drawHorizontalLine: () => false","      })","","      logToStream(latency)","    }","","    if (result.non2xx) {","      logToStream(`${result['2xx']} 2xx responses, ${result.non2xx} non 2xx responses`)","    }","    logToStream(`${format(result.requests.total)} requests in ${result.duration}s, ${prettyBytes(result.throughput.total)} read`)","    if (result.errors) {","      logToStream(`${format(result.errors)} errors (${format(result.timeouts)} timeouts)`)","    }","  })","","  function logToStream (msg) {","    opts.outputStream.write(msg + '\\n')","  }","}","","function trackDuration (instance, opts, iOpts) {","  // if switch needed needed to avoid","  // https://github.com/mcollina/autocannon/issues/60","  if (!opts.outputStream.isTTY) return","","  const progressBar = new ProgressBar(opts.progressBarString, {","    width: 20,","    incomplete: ' ',","    total: iOpts.duration,","    clear: true,","    stream: opts.outputStream","  })","","  progressBar.tick(0)","  return progressBar","}","","function trackAmount (instance, opts, iOpts) {","  // if switch needed needed to avoid","  // https://github.com/mcollina/autocannon/issues/60","  if (!opts.outputStream.isTTY) return","","  const progressBar = new ProgressBar(opts.progressBarString, {","    width: 20,","    incomplete: ' ',","    total: iOpts.amount,","    clear: true,","    stream: opts.outputStream","  })","","  progressBar.tick(0)","  return progressBar","}","","function asRow (name, stat) {","  return [","    name,","    stat.average,","    stat.stddev,","    stat.max","  ]","}","","function asColor (colorise, row) {","  return row.map((entry) => colorise(entry))","}","","function asBytes (stat) {","  const result = Object.create(stat)","  result.average = prettyBytes(stat.average)","  result.stddev = prettyBytes(stat.stddev)","  result.max = prettyBytes(stat.max)","  result.min = prettyBytes(stat.min)","  return result","}","","module.exports = track",""],"l":{"3":1,"4":1,"5":1,"6":1,"7":1,"8":1,"9":1,"10":1,"11":1,"12":1,"20":1,"21":1,"22":0,"25":1,"27":1,"29":1,"31":1,"32":1,"33":1,"35":1,"36":1,"37":1,"39":1,"40":0,"43":1,"44":1,"46":1,"48":0,"50":0,"59":1,"60":1,"61":6,"62":1,"63":1,"65":0,"66":0,"67":0,"68":0,"72":1,"75":1,"77":1,"88":5,"91":1,"93":1,"94":0,"97":0,"98":0,"108":0,"111":0,"114":1,"115":0,"117":1,"118":1,"119":0,"123":1,"124":3,"128":1,"131":1,"133":1,"141":1,"142":1,"145":1,"148":0,"150":0,"158":0,"159":0,"162":1,"163":3,"171":1,"172":4,"175":1,"176":1,"177":1,"178":1,"179":1,"180":1,"181":1,"184":1}},"/home/travis/build/npmtest/node-npmtest-autocannon/node_modules/autocannon/lib/format.js":{"path":"/home/travis/build/npmtest/node-npmtest-autocannon/node_modules/autocannon/lib/format.js","s":{"1":1,"2":1,"3":1,"4":0,"5":1},"b":{"1":[1,0]},"f":{"1":1},"fnMap":{"1":{"name":"format","line":3,"loc":{"start":{"line":3,"column":0},"end":{"line":3,"column":22}}}},"statementMap":{"1":{"start":{"line":3,"column":0},"end":{"line":9,"column":1}},"2":{"start":{"line":4,"column":2},"end":{"line":8,"column":3}},"3":{"start":{"line":5,"column":4},"end":{"line":5,"column":19}},"4":{"start":{"line":7,"column":4},"end":{"line":7,"column":44}},"5":{"start":{"line":11,"column":0},"end":{"line":11,"column":23}}},"branchMap":{"1":{"line":4,"type":"if","locations":[{"start":{"line":4,"column":2},"end":{"line":4,"column":2}},{"start":{"line":4,"column":2},"end":{"line":4,"column":2}}]}},"code":["'use strict'","","function format (num) {","  if (num < 1000) {","    return '' + num","  } else {","    return '' + Math.round(num / 1000) + 'k'","  }","}","","module.exports = format",""],"l":{"3":1,"4":1,"5":1,"7":0,"11":1}},"/home/travis/build/npmtest/node-npmtest-autocannon/node_modules/autocannon/for-zero-x.js":{"path":"/home/travis/build/npmtest/node-npmtest-autocannon/node_modules/autocannon/for-zero-x.js","s":{"1":1,"2":1},"b":{},"f":{},"fnMap":{},"statementMap":{"1":{"start":{"line":3,"column":0},"end":{"line":3,"column":31}},"2":{"start":{"line":5,"column":0},"end":{"line":9,"column":15}}},"branchMap":{},"code":["'use strict'","","const autocannon = require('.')","","autocannon({","  url: 'http://localhost:3000',","  connections: 10,","  duration: 10","}, console.log)",""],"l":{"3":1,"5":1}},"/home/travis/build/npmtest/node-npmtest-autocannon/node_modules/autocannon/server.js":{"path":"/home/travis/build/npmtest/node-npmtest-autocannon/node_modules/autocannon/server.js","s":{"1":1,"2":1,"3":1,"4":1,"5":1,"6":1,"7":1,"8":1,"9":1,"10":1,"11":4290},"b":{},"f":{"1":4290},"fnMap":{"1":{"name":"handle","line":19,"loc":{"start":{"line":19,"column":0},"end":{"line":19,"column":27}}}},"statementMap":{"1":{"start":{"line":3,"column":0},"end":{"line":3,"column":28}},"2":{"start":{"line":4,"column":0},"end":{"line":4,"column":30}},"3":{"start":{"line":5,"column":0},"end":{"line":5,"column":24}},"4":{"start":{"line":6,"column":0},"end":{"line":6,"column":28}},"5":{"start":{"line":8,"column":0},"end":{"line":12,"column":1}},"6":{"start":{"line":13,"column":0},"end":{"line":13,"column":40}},"7":{"start":{"line":14,"column":0},"end":{"line":14,"column":51}},"8":{"start":{"line":16,"column":0},"end":{"line":16,"column":19}},"9":{"start":{"line":17,"column":0},"end":{"line":17,"column":20}},"10":{"start":{"line":19,"column":0},"end":{"line":21,"column":1}},"11":{"start":{"line":20,"column":2},"end":{"line":20,"column":24}}},"branchMap":{},"code":["'use strict'","","const http = require('http')","const https = require('https')","const fs = require('fs')","const path = require('path')","","const options = {","  key: fs.readFileSync(path.join(__dirname, 'test', '/key.pem')),","  cert: fs.readFileSync(path.join(__dirname, 'test', '/cert.pem')),","  passphrase: 'test'","}","const server = http.createServer(handle)","const server2 = https.createServer(options, handle)","","server.listen(3000)","server2.listen(3001)","","function handle (req, res) {","  res.end('hello world')","}",""],"l":{"3":1,"4":1,"5":1,"6":1,"8":1,"13":1,"14":1,"16":1,"17":1,"19":1,"20":4290}},"/home/travis/build/npmtest/node-npmtest-autocannon/node_modules/autocannon/samples/customise-individual-connection.js":{"path":"/home/travis/build/npmtest/node-npmtest-autocannon/node_modules/autocannon/samples/customise-individual-connection.js","s":{"1":1,"2":1,"3":1,"4":1,"5":1,"6":0,"7":1,"8":1,"9":1,"10":0,"11":1,"12":1,"13":1,"14":0},"b":{},"f":{"1":0,"2":1,"3":1,"4":0},"fnMap":{"1":{"name":"handle","line":10,"loc":{"start":{"line":10,"column":0},"end":{"line":10,"column":27}}},"2":{"name":"startBench","line":14,"loc":{"start":{"line":14,"column":0},"end":{"line":14,"column":23}}},"3":{"name":"setupClient","line":26,"loc":{"start":{"line":26,"column":2},"end":{"line":26,"column":32}}},"4":{"name":"finishedBench","line":30,"loc":{"start":{"line":30,"column":2},"end":{"line":30,"column":36}}}},"statementMap":{"1":{"start":{"line":3,"column":0},"end":{"line":3,"column":28}},"2":{"start":{"line":4,"column":0},"end":{"line":4,"column":40}},"3":{"start":{"line":6,"column":0},"end":{"line":6,"column":40}},"4":{"start":{"line":8,"column":0},"end":{"line":8,"column":28}},"5":{"start":{"line":10,"column":0},"end":{"line":12,"column":1}},"6":{"start":{"line":11,"column":2},"end":{"line":11,"column":24}},"7":{"start":{"line":14,"column":0},"end":{"line":33,"column":1}},"8":{"start":{"line":15,"column":2},"end":{"line":15,"column":57}},"9":{"start":{"line":17,"column":2},"end":{"line":22,"column":19}},"10":{"start":{"line":24,"column":2},"end":{"line":24,"column":20}},"11":{"start":{"line":26,"column":2},"end":{"line":28,"column":3}},"12":{"start":{"line":27,"column":4},"end":{"line":27,"column":53}},"13":{"start":{"line":30,"column":2},"end":{"line":32,"column":3}},"14":{"start":{"line":31,"column":4},"end":{"line":31,"column":43}}},"branchMap":{},"code":["'use strict'","","const http = require('http')","const autocannon = require('autocannon')","","const server = http.createServer(handle)","","server.listen(0, startBench)","","function handle (req, res) {","  res.end('hello world')","}","","function startBench () {","  const url = 'http://localhost:' + server.address().port","","  autocannon({","    url: url,","    connections: 1000,","    duration: 10,","    setupClient: setupClient","  }, finishedBench)","","  let connection = 0","","  function setupClient (client) {","    client.setBody('connection number', connection++)","  }","","  function finishedBench (err, res) {","    console.log('finished bench', err, res)","  }","}",""],"l":{"3":1,"4":1,"6":1,"8":1,"10":1,"11":0,"14":1,"15":1,"17":1,"24":0,"26":1,"27":1,"30":1,"31":0}},"/home/travis/build/npmtest/node-npmtest-autocannon/node_modules/autocannon/samples/modifying-request.js":{"path":"/home/travis/build/npmtest/node-npmtest-autocannon/node_modules/autocannon/samples/modifying-request.js","s":{"1":1,"2":1,"3":1,"4":1,"5":1,"6":13790,"7":1,"8":1,"9":1,"10":1,"11":1,"12":13103,"13":1,"14":1,"15":13103,"16":13103,"17":13103,"18":1,"19":1},"b":{},"f":{"1":13790,"2":1,"3":13103,"4":13103,"5":1},"fnMap":{"1":{"name":"handle","line":10,"loc":{"start":{"line":10,"column":0},"end":{"line":10,"column":27}}},"2":{"name":"startBench","line":14,"loc":{"start":{"line":14,"column":0},"end":{"line":14,"column":23}}},"3":{"name":"(anonymous_3)","line":25,"loc":{"start":{"line":25,"column":26},"end":{"line":25,"column":83}}},"4":{"name":"(anonymous_4)","line":32,"loc":{"start":{"line":32,"column":26},"end":{"line":32,"column":83}}},"5":{"name":"finishedBench","line":38,"loc":{"start":{"line":38,"column":2},"end":{"line":38,"column":36}}}},"statementMap":{"1":{"start":{"line":3,"column":0},"end":{"line":3,"column":28}},"2":{"start":{"line":4,"column":0},"end":{"line":4,"column":40}},"3":{"start":{"line":6,"column":0},"end":{"line":6,"column":40}},"4":{"start":{"line":8,"column":0},"end":{"line":8,"column":28}},"5":{"start":{"line":10,"column":0},"end":{"line":12,"column":1}},"6":{"start":{"line":11,"column":2},"end":{"line":11,"column":24}},"7":{"start":{"line":14,"column":0},"end":{"line":41,"column":1}},"8":{"start":{"line":15,"column":2},"end":{"line":15,"column":57}},"9":{"start":{"line":17,"column":2},"end":{"line":21,"column":19}},"10":{"start":{"line":23,"column":2},"end":{"line":23,"column":17}},"11":{"start":{"line":25,"column":2},"end":{"line":27,"column":4}},"12":{"start":{"line":26,"column":4},"end":{"line":26,"column":42}},"13":{"start":{"line":29,"column":2},"end":{"line":29,"column":17}},"14":{"start":{"line":32,"column":2},"end":{"line":36,"column":4}},"15":{"start":{"line":33,"column":4},"end":{"line":33,"column":23}},"16":{"start":{"line":34,"column":4},"end":{"line":34,"column":64}},"17":{"start":{"line":35,"column":4},"end":{"line":35,"column":33}},"18":{"start":{"line":38,"column":2},"end":{"line":40,"column":3}},"19":{"start":{"line":39,"column":4},"end":{"line":39,"column":43}}},"branchMap":{},"code":["'use strict'","","const http = require('http')","const autocannon = require('autocannon')","","const server = http.createServer(handle)","","server.listen(0, startBench)","","function handle (req, res) {","  res.end('hello world')","}","","function startBench () {","  const url = 'http://localhost:' + server.address().port","","  const instance = autocannon({","    url: url,","    connections: 1000,","    duration: 10","  }, finishedBench)","","  let message = 0","  // modify the body on future requests","  instance.on('response', function (client, statusCode, returnBytes, responseTime) {","    client.setBody('message ' + message++)","  })","","  let headers = 0","  // modify the headers on future requests","  // this wipes any existing headers out with the new ones","  instance.on('response', function (client, statusCode, returnBytes, responseTime) {","    var newHeaders = {}","    newHeaders[`header${headers++}`] = `headerValue${headers++}`","    client.setHeaders(newHeaders)","  })","","  function finishedBench (err, res) {","    console.log('finished bench', err, res)","  }","}",""],"l":{"3":1,"4":1,"6":1,"8":1,"10":1,"11":13790,"14":1,"15":1,"17":1,"23":1,"25":1,"26":13103,"29":1,"32":1,"33":13103,"34":13103,"35":13103,"38":1,"39":1}},"/home/travis/build/npmtest/node-npmtest-autocannon/node_modules/autocannon/samples/requests-sample.js":{"path":"/home/travis/build/npmtest/node-npmtest-autocannon/node_modules/autocannon/samples/requests-sample.js","s":{"1":1,"2":1,"3":1,"4":1,"5":1,"6":12658,"7":1,"8":1,"9":1,"10":1,"11":1},"b":{},"f":{"1":12658,"2":1,"3":1},"fnMap":{"1":{"name":"handle","line":10,"loc":{"start":{"line":10,"column":0},"end":{"line":10,"column":27}}},"2":{"name":"startBench","line":14,"loc":{"start":{"line":14,"column":0},"end":{"line":14,"column":23}}},"3":{"name":"finishedBench","line":53,"loc":{"start":{"line":53,"column":2},"end":{"line":53,"column":36}}}},"statementMap":{"1":{"start":{"line":3,"column":0},"end":{"line":3,"column":28}},"2":{"start":{"line":4,"column":0},"end":{"line":4,"column":40}},"3":{"start":{"line":6,"column":0},"end":{"line":6,"column":40}},"4":{"start":{"line":8,"column":0},"end":{"line":8,"column":28}},"5":{"start":{"line":10,"column":0},"end":{"line":12,"column":1}},"6":{"start":{"line":11,"column":2},"end":{"line":11,"column":24}},"7":{"start":{"line":14,"column":0},"end":{"line":56,"column":1}},"8":{"start":{"line":15,"column":2},"end":{"line":15,"column":57}},"9":{"start":{"line":17,"column":2},"end":{"line":51,"column":19}},"10":{"start":{"line":53,"column":2},"end":{"line":55,"column":3}},"11":{"start":{"line":54,"column":4},"end":{"line":54,"column":43}}},"branchMap":{},"code":["'use strict'","","const http = require('http')","const autocannon = require('autocannon')","","const server = http.createServer(handle)","","server.listen(0, startBench)","","function handle (req, res) {","  res.end('hello world')","}","","function startBench () {","  const url = 'http://localhost:' + server.address().port","","  autocannon({","    url: url,","    connections: 1000,","    duration: 10,","    headers: {","      // by default we add an auth token to all requests","      auth: 'A Pregenerated auth token'","    },","    requests: [","      {","        method: 'POST', // this should be a post for logging in","        path: '/login',","        body: 'valid login details',","        // overwrite our default headers,","        // so we don't add an auth token","        // for this request","        headers: {}","      },","      {","        path: '/mySecretDetails'","        // this will automatically add the pregenerated auth token","      },","      {","        method: 'PUT', // this should be a put for modifying secret details","        path: '/mySecretDetails',","        headers: { // let submit some json?","          'Content-type': 'application/json; charset=utf-8'","        },","        // we need to stringify the json first","        body: JSON.stringify({","          name: 'my new name'","        })","      }","    ]","  }, finishedBench)","","  function finishedBench (err, res) {","    console.log('finished bench', err, res)","  }","}",""],"l":{"3":1,"4":1,"6":1,"8":1,"10":1,"11":12658,"14":1,"15":1,"17":1,"53":1,"54":1}},"/home/travis/build/npmtest/node-npmtest-autocannon/node_modules/autocannon/samples/track-run.js":{"path":"/home/travis/build/npmtest/node-npmtest-autocannon/node_modules/autocannon/samples/track-run.js","s":{"1":1,"2":1,"3":1,"4":1,"5":1,"6":380,"7":1,"8":1,"9":1,"10":1,"11":0,"12":1,"13":1},"b":{},"f":{"1":380,"2":1,"3":1},"fnMap":{"1":{"name":"handle","line":10,"loc":{"start":{"line":10,"column":0},"end":{"line":10,"column":27}}},"2":{"name":"startBench","line":14,"loc":{"start":{"line":14,"column":0},"end":{"line":14,"column":23}}},"3":{"name":"finishedBench","line":26,"loc":{"start":{"line":26,"column":2},"end":{"line":26,"column":36}}}},"statementMap":{"1":{"start":{"line":3,"column":0},"end":{"line":3,"column":28}},"2":{"start":{"line":4,"column":0},"end":{"line":4,"column":40}},"3":{"start":{"line":6,"column":0},"end":{"line":6,"column":40}},"4":{"start":{"line":8,"column":0},"end":{"line":8,"column":28}},"5":{"start":{"line":10,"column":0},"end":{"line":12,"column":1}},"6":{"start":{"line":11,"column":2},"end":{"line":11,"column":24}},"7":{"start":{"line":14,"column":0},"end":{"line":29,"column":1}},"8":{"start":{"line":15,"column":2},"end":{"line":17,"column":19}},"9":{"start":{"line":19,"column":2},"end":{"line":19,"column":28}},"10":{"start":{"line":22,"column":2},"end":{"line":24,"column":4}},"11":{"start":{"line":23,"column":4},"end":{"line":23,"column":19}},"12":{"start":{"line":26,"column":2},"end":{"line":28,"column":3}},"13":{"start":{"line":27,"column":4},"end":{"line":27,"column":43}}},"branchMap":{},"code":["'use strict'","","const http = require('http')","const autocannon = require('autocannon')","","const server = http.createServer(handle)","","server.listen(0, startBench)","","function handle (req, res) {","  res.end('hello world')","}","","function startBench () {","  const instance = autocannon({","    url: 'http://localhost:' + server.address().port","  }, finishedBench)","","  autocannon.track(instance)","","  // this is used to kill the instance on CTRL-C","  process.once('SIGINT', () => {","    instance.stop()","  })","","  function finishedBench (err, res) {","    console.log('finished bench', err, res)","  }","}",""],"l":{"3":1,"4":1,"6":1,"8":1,"10":1,"11":380,"14":1,"15":1,"19":1,"22":1,"23":0,"26":1,"27":1}},"/home/travis/build/npmtest/node-npmtest-autocannon/node_modules/autocannon/samples/using-id-replacement.js":{"path":"/home/travis/build/npmtest/node-npmtest-autocannon/node_modules/autocannon/samples/using-id-replacement.js","s":{"1":1,"2":1,"3":1,"4":1,"5":1,"6":14742,"7":1,"8":1,"9":1,"10":1,"11":1},"b":{},"f":{"1":14742,"2":1,"3":1},"fnMap":{"1":{"name":"handle","line":10,"loc":{"start":{"line":10,"column":0},"end":{"line":10,"column":27}}},"2":{"name":"startBench","line":14,"loc":{"start":{"line":14,"column":0},"end":{"line":14,"column":23}}},"3":{"name":"finishedBench","line":37,"loc":{"start":{"line":37,"column":2},"end":{"line":37,"column":36}}}},"statementMap":{"1":{"start":{"line":3,"column":0},"end":{"line":3,"column":28}},"2":{"start":{"line":4,"column":0},"end":{"line":4,"column":40}},"3":{"start":{"line":6,"column":0},"end":{"line":6,"column":40}},"4":{"start":{"line":8,"column":0},"end":{"line":8,"column":28}},"5":{"start":{"line":10,"column":0},"end":{"line":12,"column":1}},"6":{"start":{"line":11,"column":2},"end":{"line":11,"column":24}},"7":{"start":{"line":14,"column":0},"end":{"line":40,"column":1}},"8":{"start":{"line":15,"column":2},"end":{"line":15,"column":57}},"9":{"start":{"line":17,"column":2},"end":{"line":35,"column":19}},"10":{"start":{"line":37,"column":2},"end":{"line":39,"column":3}},"11":{"start":{"line":38,"column":4},"end":{"line":38,"column":43}}},"branchMap":{},"code":["'use strict'","","const http = require('http')","const autocannon = require('autocannon')","","const server = http.createServer(handle)","","server.listen(0, startBench)","","function handle (req, res) {","  res.end('hello world')","}","","function startBench () {","  const url = 'http://localhost:' + server.address().port","","  autocannon({","    url: url,","    connections: 1000,","    duration: 10,","    requests: [","      {","        method: 'POST',","        path: '/register',","        headers: {","          'Content-type': 'application/json; charset=utf-8'","        },","        body: JSON.stringify({","          name: 'New User',","          email: 'new-[<id>]@user.com' // [<id>] will be replaced with generated HyperID at run time","        })","      }","    ],","    idReplacement: true","  }, finishedBench)","","  function finishedBench (err, res) {","    console.log('finished bench', err, res)","  }","}",""],"l":{"3":1,"4":1,"6":1,"8":1,"10":1,"11":14742,"14":1,"15":1,"17":1,"37":1,"38":1}}}